2018-01-24__20:04:08 1 / 243422 162573	 34%
2018-01-24__20:04:08 1 /mnt/c 243422 162573	 34%
2018-01-24__20:04:08 1 /mnt/d 102407 60827	 41%
2018-01-24__20:04:08 1 /mnt/e 284684 112250	 61%
2018-01-24__20:04:08 1 /mnt/f 240656 68094	 72%
2018-01-24__20:04:08 1 /mnt/g 102400 41978	 60%
2018-01-24__20:04:08 1 /mnt/h 223721 113504	 50%
2018-01-24__20:04:08 0 disk 1440712 721799 50%
2018-02-26__09:42:10 1 / 243422 129276	 47%
2018-02-26__09:42:10 1 /mnt/c 243422 129276	 47%
2018-02-26__09:42:10 1 /mnt/d 102407 54100	 48%
2018-02-26__09:42:10 1 /mnt/e 284684 98875	 66%
2018-02-26__09:42:10 1 /mnt/f 240656 80873	 67%
2018-02-26__09:42:10 1 /mnt/g 102400 11121	 90%
2018-02-26__09:42:10 1 /mnt/h 223721 33046	 86%
2018-02-26__09:42:10 0 disk 1440712 536567 63%
2018-02-26__09:53:57 1 / 243422 129278	 47%
2018-02-26__09:53:57 1 /mnt/c 243422 129278	 47%
2018-02-26__09:53:57 1 /mnt/d 102407 54100	 48%
2018-02-26__09:53:57 1 /mnt/e 284684 98875	 66%
2018-02-26__09:53:57 1 /mnt/f 240656 80873	 67%
2018-02-26__09:53:57 1 /mnt/g 102400 11121	 90%
2018-02-26__09:53:57 1 /mnt/h 223721 33046	 86%
2018-02-26__09:53:57 0 disk 1440712 536571 63%
2018-02-26__10:30:24 1 / 243422 129991	 47%
2018-02-26__10:30:24 1 /mnt/c 243422 129991	 47%
2018-02-26__10:30:24 1 /mnt/d 102407 54100	 48%
2018-02-26__10:30:24 1 /mnt/e 284684 98875	 66%
2018-02-26__10:30:24 1 /mnt/f 240656 80847	 67%
2018-02-26__10:30:24 1 /mnt/g 102400 11121	 90%
2018-02-26__10:30:24 1 /mnt/h 223721 33046	 86%
2018-02-26__10:30:24 0 disk 1440712 537971 63%
2018-02-26__10:43:27 1 / 243422 130008	 47%
2018-02-26__10:43:27 1 /mnt/c 243422 130008	 47%
2018-02-26__10:43:27 1 /mnt/d 102407 54100	 48%
2018-02-26__10:43:27 1 /mnt/e 284684 98852	 66%
2018-02-26__10:43:27 1 /mnt/f 240656 80823	 67%
2018-02-26__10:43:27 1 /mnt/g 102400 11121	 90%
2018-02-26__10:43:27 1 /mnt/h 223721 33046	 86%
2018-02-26__10:43:27 0 disk 1440712 537958 63%
2018-02-27__15:21:43 1 / 243422 127050	 48%
2018-02-27__15:21:43 1 /mnt/c 243422 127050	 48%
2018-02-27__15:21:43 1 /mnt/d 102407 54100	 48%
2018-02-27__15:21:43 1 /mnt/e 284684 98611	 66%
2018-02-27__15:21:43 1 /mnt/f 240656 80335	 67%
2018-02-27__15:21:43 1 /mnt/g 102400 11121	 90%
2018-02-27__15:21:43 1 /mnt/h 223721 32807	 86%
2018-02-27__15:22:34 1 / 243422 127049	 48%
2018-02-27__15:22:34 1 /mnt/c 243422 127049	 48%
2018-02-27__15:22:34 1 /mnt/d 102407 54100	 48%
2018-02-27__15:22:34 1 /mnt/e 284684 98611	 66%
2018-02-27__15:22:34 1 /mnt/f 240656 80335	 67%
2018-02-27__15:22:34 1 /mnt/g 102400 11121	 90%
2018-02-27__15:22:34 1 /mnt/h 223721 32807	 86%
2018-02-27__15:26:34 1 / 243422 127042	 48%
2018-02-27__15:26:34 1 /mnt/c 243422 127042	 48%
2018-02-27__15:26:34 1 /mnt/d 102407 54100	 48%
2018-02-27__15:26:34 1 /mnt/e 284684 98608	 66%
2018-02-27__15:26:34 1 /mnt/f 240656 80335	 67%
2018-02-27__15:26:34 1 /mnt/g 102400 11121	 90%
2018-02-27__15:26:34 1 /mnt/h 223721 32807	 86%
2018-02-27__15:28:00 1 / 243422 127040	 48%
2018-02-27__15:28:00 1 /mnt/c 243422 127040	 48%
2018-02-27__15:28:00 1 /mnt/d 102407 54100	 48%
2018-02-27__15:28:00 1 /mnt/e 284684 98608	 66%
2018-02-27__15:28:00 1 /mnt/f 240656 80335	 67%
2018-02-27__15:28:00 1 /mnt/g 102400 11121	 90%
2018-02-27__15:28:00 1 /mnt/h 223721 32807	 86%
2018-03-01__15:07:32 1 / 243422 122357	 50%
2018-03-01__15:07:32 1 /mnt/c 243422 122357	 50%
2018-03-01__15:07:32 1 /mnt/d 102407 54098	 48%
2018-03-01__15:07:32 1 /mnt/e 284684 97994	 66%
2018-03-01__15:07:32 1 /mnt/f 240656 80195	 67%
2018-03-01__15:07:32 1 /mnt/g 102400 11121	 90%
2018-03-01__15:07:32 1 /mnt/h 223721 32807	 86%
2018-03-01__15:07:32 0 disk 1440712 520929 64%
2018-03-01__15:07:38 1 / 243422 122357	 50%
2018-03-01__15:07:38 1 /mnt/c 243422 122357	 50%
2018-03-01__15:07:38 1 /mnt/d 102407 54098	 48%
2018-03-01__15:07:38 1 /mnt/e 284684 97994	 66%
2018-03-01__15:07:38 1 /mnt/f 240656 80195	 67%
2018-03-01__15:07:38 1 /mnt/g 102400 11121	 90%
2018-03-01__15:07:38 1 /mnt/h 223721 32807	 86%
2018-03-01__15:07:38 0 disk 1440712 520929 64%
2018-03-01__07:51:46 1 / 29899 18347	 36%
2018-03-01__07:51:46 1 /boot 42 21	 51%
2018-03-01__07:51:46 0 disk 29941 18368 39%
2018-03-01__07:51:52 1 / 29899 18347	 36%
2018-03-01__07:51:52 1 /boot 42 21	 51%
2018-03-01__07:51:52 0 disk 29941 18368 39%
2018-03-01__07:51:58 1 / 29899 18347	 36%
2018-03-01__07:51:58 1 /boot 42 21	 51%
2018-03-01__07:51:58 0 disk 29941 18368 39%
2018-03-01__07:52:04 1 / 29899 18347	 36%
2018-03-01__07:52:04 1 /boot 42 21	 51%
2018-03-01__07:52:04 0 disk 29941 18368 39%
2018-03-01__07:52:10 1 / 29899 18347	 36%
2018-03-01__07:52:10 1 /boot 42 21	 51%
2018-03-01__07:52:10 0 disk 29941 18368 39%
2018-03-01__07:52:16 1 / 29899 18347	 36%
2018-03-01__07:52:16 1 /boot 42 21	 51%
2018-03-01__07:52:16 0 disk 29941 18368 39%
2018-03-01__07:52:22 1 / 29899 18347	 36%
2018-03-01__07:52:22 1 /boot 42 21	 51%
2018-03-01__07:52:22 0 disk 29941 18368 39%
2018-03-01__07:52:28 1 / 29899 18347	 36%
2018-03-01__07:52:28 1 /boot 42 21	 51%
2018-03-01__07:52:28 0 disk 29941 18368 39%
2018-03-01__07:52:34 1 / 29899 18347	 36%
2018-03-01__07:52:34 1 /boot 42 21	 51%
2018-03-01__07:52:34 0 disk 29941 18368 39%
2018-03-01__07:52:40 1 / 29899 18347	 36%
2018-03-01__07:52:40 1 /boot 42 21	 51%
2018-03-01__07:52:40 0 disk 29941 18368 39%
2018-03-01__07:53:05 1 / 29899 18347	 36%
2018-03-01__07:53:05 1 /boot 42 21	 51%
2018-03-01__07:53:05 0 disk 29941 18368 39%
2018-03-01__07:53:11 1 / 29899 18347	 36%
2018-03-01__07:53:11 1 /boot 42 21	 51%
2018-03-01__07:53:11 0 disk 29941 18368 39%
2018-03-01__07:56:01 1 / 29899 18347	 36%
2018-03-01__07:56:01 1 /boot 42 21	 51%
2018-03-01__07:56:01 0 disk 29941 18368 39%
2018-03-01__07:56:07 1 / 29899 18347	 36%
2018-03-01__07:56:07 1 /boot 42 21	 51%
2018-03-01__07:56:07 0 disk 29941 18368 39%
2018-03-01__07:56:13 1 / 29899 18347	 36%
2018-03-01__07:56:13 1 /boot 42 21	 51%
2018-03-01__07:56:13 0 disk 29941 18368 39%
2018-03-01__07:56:19 1 / 29899 18347	 36%
2018-03-01__07:56:19 1 /boot 42 21	 51%
2018-03-01__07:56:19 0 disk 29941 18368 39%
2018-03-01__07:56:25 1 / 29899 18347	 36%
2018-03-01__07:56:25 1 /boot 42 21	 51%
2018-03-01__07:56:25 0 disk 29941 18368 39%
2018-03-01__07:56:31 1 / 29899 18347	 36%
2018-03-01__07:56:31 1 /boot 42 21	 51%
2018-03-01__07:56:31 0 disk 29941 18368 39%
2018-03-01__07:56:37 1 / 29899 18347	 36%
2018-03-01__07:56:37 1 /boot 42 21	 51%
2018-03-01__07:56:37 0 disk 29941 18368 39%
2018-03-01__07:56:43 1 / 29899 18347	 36%
2018-03-01__07:56:43 1 /boot 42 21	 51%
2018-03-01__07:56:43 0 disk 29941 18368 39%
2018-03-01__07:56:49 1 / 29899 18347	 36%
2018-03-01__07:56:49 1 /boot 42 21	 51%
2018-03-01__07:56:49 0 disk 29941 18368 39%
2018-03-01__07:56:55 1 / 29899 18347	 36%
2018-03-01__07:56:55 1 /boot 42 21	 51%
2018-03-01__07:56:55 0 disk 29941 18368 39%
2018-03-01__07:57:01 1 / 29899 18347	 36%
2018-03-01__07:57:01 1 /boot 42 21	 51%
2018-03-01__07:57:01 0 disk 29941 18368 39%
2018-03-01__07:57:07 1 / 29899 18347	 36%
2018-03-01__07:57:07 1 /boot 42 21	 51%
2018-03-01__07:57:07 0 disk 29941 18368 39%
2018-03-01__07:57:13 1 / 29899 18347	 36%
2018-03-01__07:57:13 1 /boot 42 21	 51%
2018-03-01__07:57:13 0 disk 29941 18368 39%
2018-03-01__07:57:19 1 / 29899 18347	 36%
2018-03-01__07:57:19 1 /boot 42 21	 51%
2018-03-01__07:57:19 0 disk 29941 18368 39%
2018-03-01__08:03:51 1 / 29899 18347	 36%
2018-03-01__08:03:51 1 /boot 42 21	 51%
2018-03-01__08:03:51 0 disk 29941 18368 39%
2018-03-01__08:03:57 1 / 29899 18347	 36%
2018-03-01__08:03:57 1 /boot 42 21	 51%
2018-03-01__08:03:57 0 disk 29941 18368 39%
2018-03-01__08:04:03 1 / 29899 18347	 36%
2018-03-01__08:04:03 1 /boot 42 21	 51%
2018-03-01__08:04:03 0 disk 29941 18368 39%
2018-03-01__08:04:09 1 / 29899 18347	 36%
2018-03-01__08:04:09 1 /boot 42 21	 51%
2018-03-01__08:04:09 0 disk 29941 18368 39%
2018-03-01__08:04:15 1 / 29899 18347	 36%
2018-03-01__08:04:15 1 /boot 42 21	 51%
2018-03-01__08:04:15 0 disk 29941 18368 39%
2018-03-01__08:04:21 1 / 29899 18347	 36%
2018-03-01__08:04:21 1 /boot 42 21	 51%
2018-03-01__08:04:21 0 disk 29941 18368 39%
2018-03-01__08:04:26 1 / 29899 18347	 36%
2018-03-01__08:04:26 1 /boot 42 21	 51%
2018-03-01__08:04:26 0 disk 29941 18368 39%
2018-03-01__08:04:32 1 / 29899 18347	 36%
2018-03-01__08:04:32 1 /boot 42 21	 51%
2018-03-01__08:04:32 0 disk 29941 18368 39%
2018-03-01__08:04:38 1 / 29899 18347	 36%
2018-03-01__08:04:38 1 /boot 42 21	 51%
2018-03-01__08:04:38 0 disk 29941 18368 39%
2018-03-01__08:06:30 1 / 29899 18347	 36%
2018-03-01__08:06:30 1 /boot 42 21	 51%
2018-03-01__08:06:30 0 disk 29941 18368 39%
2018-03-01__08:06:36 1 / 29899 18347	 36%
2018-03-01__08:06:36 1 /boot 42 21	 51%
2018-03-01__08:06:36 0 disk 29941 18368 39%
2018-03-01__08:06:42 1 / 29899 18347	 36%
2018-03-01__08:06:42 1 /boot 42 21	 51%
2018-03-01__08:06:42 0 disk 29941 18368 39%
2018-03-01__08:06:48 1 / 29899 18347	 36%
2018-03-01__08:06:48 1 /boot 42 21	 51%
2018-03-01__08:06:48 0 disk 29941 18368 39%
2018-03-01__08:06:54 1 / 29899 18347	 36%
2018-03-01__08:06:54 1 /boot 42 21	 51%
2018-03-01__08:06:54 0 disk 29941 18368 39%
2018-03-01__08:07:00 1 / 29899 18347	 36%
2018-03-01__08:07:00 1 /boot 42 21	 51%
2018-03-01__08:07:00 0 disk 29941 18368 39%
2018-03-01__08:07:06 1 / 29899 18347	 36%
2018-03-01__08:07:06 1 /boot 42 21	 51%
2018-03-01__08:07:06 0 disk 29941 18368 39%
2018-03-01__08:07:12 1 / 29899 18347	 36%
2018-03-01__08:07:12 1 /boot 42 21	 51%
2018-03-01__08:07:12 0 disk 29941 18368 39%
2018-03-01__08:18:03 1 / 29899 18347	 36%
2018-03-01__08:18:03 1 /boot 42 21	 51%
2018-03-01__08:18:03 0 disk 29941 18368 39%
2018-03-01__08:18:09 1 / 29899 18347	 36%
2018-03-01__08:18:09 1 /boot 42 21	 51%
2018-03-01__08:18:09 0 disk 29941 18368 39%
2018-03-01__08:18:15 1 / 29899 18347	 36%
2018-03-01__08:18:15 1 /boot 42 21	 51%
2018-03-01__08:18:15 0 disk 29941 18368 39%
2018-03-01__08:18:21 1 / 29899 18347	 36%
2018-03-01__08:18:21 1 /boot 42 21	 51%
2018-03-01__08:18:21 0 disk 29941 18368 39%
2018-03-01__08:18:27 1 / 29899 18347	 36%
2018-03-01__08:18:27 1 /boot 42 21	 51%
2018-03-01__08:18:27 0 disk 29941 18368 39%
2018-03-01__08:18:33 1 / 29899 18347	 36%
2018-03-01__08:18:33 1 /boot 42 21	 51%
2018-03-01__08:18:33 0 disk 29941 18368 39%
2018-03-01__08:18:39 1 / 29899 18347	 36%
2018-03-01__08:18:39 1 /boot 42 21	 51%
2018-03-01__08:18:39 0 disk 29941 18368 39%
2018-03-01__08:18:45 1 / 29899 18347	 36%
2018-03-01__08:18:45 1 /boot 42 21	 51%
2018-03-01__08:18:45 0 disk 29941 18368 39%
2018-03-01__08:18:51 1 / 29899 18347	 36%
2018-03-01__08:18:51 1 /boot 42 21	 51%
2018-03-01__08:18:51 0 disk 29941 18368 39%
2018-03-01__08:18:56 1 / 29899 18347	 36%
2018-03-01__08:18:56 1 /boot 42 21	 51%
2018-03-01__08:18:56 0 disk 29941 18368 39%
2018-03-01__08:19:02 1 / 29899 18347	 36%
2018-03-01__08:19:02 1 /boot 42 21	 51%
2018-03-01__08:19:02 0 disk 29941 18368 39%
2018-03-01__08:19:08 1 / 29899 18347	 36%
2018-03-01__08:19:08 1 /boot 42 21	 51%
2018-03-01__08:19:08 0 disk 29941 18368 39%
2018-03-01__08:19:14 1 / 29899 18347	 36%
2018-03-01__08:19:14 1 /boot 42 21	 51%
2018-03-01__08:19:14 0 disk 29941 18368 39%
