2018-01-24__20:04:08 1 / 243422 162573	 34%
2018-01-24__20:04:08 1 /mnt/c 243422 162573	 34%
2018-01-24__20:04:08 1 /mnt/d 102407 60827	 41%
2018-01-24__20:04:08 1 /mnt/e 284684 112250	 61%
2018-01-24__20:04:08 1 /mnt/f 240656 68094	 72%
2018-01-24__20:04:08 1 /mnt/g 102400 41978	 60%
2018-01-24__20:04:08 1 /mnt/h 223721 113504	 50%
2018-01-24__20:04:08 0 disk 1440712 721799 50%
2018-02-26__09:42:10 1 / 243422 129276	 47%
2018-02-26__09:42:10 1 /mnt/c 243422 129276	 47%
2018-02-26__09:42:10 1 /mnt/d 102407 54100	 48%
2018-02-26__09:42:10 1 /mnt/e 284684 98875	 66%
2018-02-26__09:42:10 1 /mnt/f 240656 80873	 67%
2018-02-26__09:42:10 1 /mnt/g 102400 11121	 90%
2018-02-26__09:42:10 1 /mnt/h 223721 33046	 86%
2018-02-26__09:42:10 0 disk 1440712 536567 63%
2018-02-26__09:53:57 1 / 243422 129278	 47%
2018-02-26__09:53:57 1 /mnt/c 243422 129278	 47%
2018-02-26__09:53:57 1 /mnt/d 102407 54100	 48%
2018-02-26__09:53:57 1 /mnt/e 284684 98875	 66%
2018-02-26__09:53:57 1 /mnt/f 240656 80873	 67%
2018-02-26__09:53:57 1 /mnt/g 102400 11121	 90%
2018-02-26__09:53:57 1 /mnt/h 223721 33046	 86%
2018-02-26__09:53:57 0 disk 1440712 536571 63%
2018-02-26__10:30:24 1 / 243422 129991	 47%
2018-02-26__10:30:24 1 /mnt/c 243422 129991	 47%
2018-02-26__10:30:24 1 /mnt/d 102407 54100	 48%
2018-02-26__10:30:24 1 /mnt/e 284684 98875	 66%
2018-02-26__10:30:24 1 /mnt/f 240656 80847	 67%
2018-02-26__10:30:24 1 /mnt/g 102400 11121	 90%
2018-02-26__10:30:24 1 /mnt/h 223721 33046	 86%
2018-02-26__10:30:24 0 disk 1440712 537971 63%
2018-02-26__10:43:27 1 / 243422 130008	 47%
2018-02-26__10:43:27 1 /mnt/c 243422 130008	 47%
2018-02-26__10:43:27 1 /mnt/d 102407 54100	 48%
2018-02-26__10:43:27 1 /mnt/e 284684 98852	 66%
2018-02-26__10:43:27 1 /mnt/f 240656 80823	 67%
2018-02-26__10:43:27 1 /mnt/g 102400 11121	 90%
2018-02-26__10:43:27 1 /mnt/h 223721 33046	 86%
2018-02-26__10:43:27 0 disk 1440712 537958 63%
2018-02-27__15:21:43 1 / 243422 127050	 48%
2018-02-27__15:21:43 1 /mnt/c 243422 127050	 48%
2018-02-27__15:21:43 1 /mnt/d 102407 54100	 48%
2018-02-27__15:21:43 1 /mnt/e 284684 98611	 66%
2018-02-27__15:21:43 1 /mnt/f 240656 80335	 67%
2018-02-27__15:21:43 1 /mnt/g 102400 11121	 90%
2018-02-27__15:21:43 1 /mnt/h 223721 32807	 86%
2018-02-27__15:22:34 1 / 243422 127049	 48%
2018-02-27__15:22:34 1 /mnt/c 243422 127049	 48%
2018-02-27__15:22:34 1 /mnt/d 102407 54100	 48%
2018-02-27__15:22:34 1 /mnt/e 284684 98611	 66%
2018-02-27__15:22:34 1 /mnt/f 240656 80335	 67%
2018-02-27__15:22:34 1 /mnt/g 102400 11121	 90%
2018-02-27__15:22:34 1 /mnt/h 223721 32807	 86%
2018-02-27__15:26:34 1 / 243422 127042	 48%
2018-02-27__15:26:34 1 /mnt/c 243422 127042	 48%
2018-02-27__15:26:34 1 /mnt/d 102407 54100	 48%
2018-02-27__15:26:34 1 /mnt/e 284684 98608	 66%
2018-02-27__15:26:34 1 /mnt/f 240656 80335	 67%
2018-02-27__15:26:34 1 /mnt/g 102400 11121	 90%
2018-02-27__15:26:34 1 /mnt/h 223721 32807	 86%
2018-02-27__15:28:00 1 / 243422 127040	 48%
2018-02-27__15:28:00 1 /mnt/c 243422 127040	 48%
2018-02-27__15:28:00 1 /mnt/d 102407 54100	 48%
2018-02-27__15:28:00 1 /mnt/e 284684 98608	 66%
2018-02-27__15:28:00 1 /mnt/f 240656 80335	 67%
2018-02-27__15:28:00 1 /mnt/g 102400 11121	 90%
2018-02-27__15:28:00 1 /mnt/h 223721 32807	 86%
2018-03-01__15:07:32 1 / 243422 122357	 50%
2018-03-01__15:07:32 1 /mnt/c 243422 122357	 50%
2018-03-01__15:07:32 1 /mnt/d 102407 54098	 48%
2018-03-01__15:07:32 1 /mnt/e 284684 97994	 66%
2018-03-01__15:07:32 1 /mnt/f 240656 80195	 67%
2018-03-01__15:07:32 1 /mnt/g 102400 11121	 90%
2018-03-01__15:07:32 1 /mnt/h 223721 32807	 86%
2018-03-01__15:07:32 0 disk 1440712 520929 64%
2018-03-01__15:07:38 1 / 243422 122357	 50%
2018-03-01__15:07:38 1 /mnt/c 243422 122357	 50%
2018-03-01__15:07:38 1 /mnt/d 102407 54098	 48%
2018-03-01__15:07:38 1 /mnt/e 284684 97994	 66%
2018-03-01__15:07:38 1 /mnt/f 240656 80195	 67%
2018-03-01__15:07:38 1 /mnt/g 102400 11121	 90%
2018-03-01__15:07:38 1 /mnt/h 223721 32807	 86%
2018-03-01__15:07:38 0 disk 1440712 520929 64%
2018-03-01__15:56:14 1 / 243422 122373	 50%
2018-03-01__15:56:14 1 /mnt/c 243422 122373	 50%
2018-03-01__15:56:14 1 /mnt/d 102407 54098	 48%
2018-03-01__15:56:14 1 /mnt/e 284684 97977	 66%
2018-03-01__15:56:14 1 /mnt/f 240656 80195	 67%
2018-03-01__15:56:14 1 /mnt/g 102400 11121	 90%
2018-03-01__15:56:14 1 /mnt/h 223721 32807	 86%
2018-03-01__15:56:14 0 disk 1440712 520944 64%
