2018-01-19__05:38:54 0.00 0.01 0.00 1.45 40.24 normal
2018-01-24__20:03:22 0.52 0.58 0.59 28.64 °C normal
2018-02-26__09:41:46 0.52 0.58 0.59 5.05 °C normal
2018-02-26__09:41:57 0.52 0.58 0.59 1.45 °C normal
2018-02-26__09:53:56 0.52 0.58 0.59 2.43 °C normal
2018-02-26__10:43:27 0.52 0.58 0.59 4.81 °C normal
2018-03-01__15:07:32 0.52 0.58 0.59 8.42 °C normal
2018-03-01__15:07:38 0.52 0.58 0.59 4.37 °C normal
2018-03-01__07:51:45 0.27 0.23 0.14 1.45 41.85°C normal
2018-03-01__07:51:51 0.25 0.22 0.14 0.50 41.31°C normal
2018-03-01__07:51:57 0.23 0.22 0.14 1.45 40.78°C normal
2018-03-01__07:52:03 0.21 0.21 0.14 0.49 40.78°C normal
2018-03-01__07:52:09 0.19 0.21 0.14 2.88 40.78°C normal
2018-03-01__07:52:15 0.16 0.20 0.13 1.45 40.78°C normal
2018-03-01__07:52:21 0.15 0.20 0.13 1.95 40.78°C normal
2018-03-01__07:52:27 0.14 0.20 0.13 24.51 40.78°C normal
2018-03-01__07:52:33 0.13 0.19 0.13 1.46 40.78°C normal
2018-03-01__07:52:39 0.12 0.19 0.13 1.46 40.78°C normal
2018-03-01__07:53:04 0.36 0.24 0.15 25.50 45.08°C normal
2018-03-01__07:53:10 0.45 0.26 0.16 1.46 41.85°C normal
2018-03-01__07:56:01 0.09 0.16 0.13 0.50 40.78°C normal
2018-03-01__07:56:07 0.08 0.16 0.13 2.93 40.24°C normal
2018-03-01__07:56:13 0.07 0.15 0.13 0.50 40.78°C normal
2018-03-01__07:56:19 0.07 0.15 0.13 1.46 40.78°C normal
2018-03-01__07:56:25 0.06 0.15 0.13 1.46 40.78°C normal
2018-03-01__07:56:31 0.12 0.16 0.13 2.40 40.78°C normal
2018-03-01__07:56:37 0.11 0.16 0.13 1.47 40.78°C normal
2018-03-01__07:56:43 0.11 0.15 0.13 0.98 40.78°C normal
2018-03-01__07:56:49 0.10 0.15 0.13 1.46 40.78°C normal
2018-03-01__07:56:55 0.09 0.15 0.13 1.93 40.78°C normal
2018-03-01__07:57:00 0.15 0.16 0.13 0.98 40.78°C normal
2018-03-01__07:57:06 0.14 0.16 0.13 1.94 40.78°C normal
2018-03-01__07:57:12 0.13 0.15 0.13 1.45 40.78°C normal
2018-03-01__07:57:18 0.12 0.15 0.13 0.49 40.78°C normal
2018-03-01__08:03:50 0.00 0.03 0.07 1.94 39.70°C normal
2018-03-01__08:03:56 0.00 0.03 0.07 1.45 40.78°C normal
2018-03-01__08:04:02 0.00 0.03 0.07 0.98 40.78°C normal
2018-03-01__08:04:08 0.00 0.03 0.07 0.98 40.24°C normal
2018-03-01__08:04:14 0.00 0.03 0.07 0.98 40.78°C normal
2018-03-01__08:04:20 0.00 0.03 0.07 0.49 40.78°C normal
2018-03-01__08:04:26 0.00 0.03 0.07 1.93 40.24°C normal
2018-03-01__08:04:32 0.00 0.02 0.07 1.46 40.78°C normal
2018-03-01__08:06:30 0.00 0.01 0.06 0.98 40.24°C normal
2018-03-01__08:06:36 0.00 0.01 0.06 0.49 40.24°C normal
2018-03-01__08:06:42 0.07 0.03 0.06 0.97 40.78°C normal
2018-03-01__08:06:48 0.07 0.03 0.06 1.46 40.78°C normal
2018-03-01__08:06:54 0.06 0.03 0.06 0.50 40.78°C normal
2018-03-01__08:07:00 0.06 0.03 0.06 25.62 40.78°C normal
2018-03-01__08:07:06 0.05 0.03 0.06 1.46 40.78°C normal
2018-03-01__08:07:11 0.05 0.03 0.06 1.45 40.24°C normal
2018-03-01__08:17:56 0.18 0.16 0.17 1.94 41.85°C normal
2018-03-01__08:18:02 0.16 0.16 0.16 1.47 41.85°C normal
2018-03-01__08:18:08 0.21 0.17 0.17 1.93 42.93°C normal
2018-03-01__08:18:14 0.20 0.16 0.17 6.74 42.93°C normal
2018-03-01__08:18:20 0.26 0.18 0.17 2.86 42.39°C normal
2018-03-01__08:18:26 0.24 0.17 0.17 1.46 42.39°C normal
2018-03-01__08:18:32 0.22 0.17 0.17 1.94 42.39°C normal
2018-03-01__08:18:38 0.34 0.20 0.18 29.86 42.93°C normal
2018-03-01__08:18:44 0.31 0.20 0.18 0.50 42.93°C normal
2018-03-01__08:18:50 0.45 0.23 0.19 0.99 42.93°C normal
2018-03-01__08:18:56 0.41 0.22 0.19 0.98 42.93°C normal
2018-03-01__08:19:02 0.38 0.22 0.19 6.25 42.93°C normal
2018-03-01__08:19:08 0.35 0.21 0.19 21.57 42.39°C normal
