2018-01-19__05:38:54 0.00 0.01 0.00 1.45 40.24 normal
2018-01-24__20:03:22 0.52 0.58 0.59 28.64 °C normal
2018-02-26__09:41:46 0.52 0.58 0.59 5.05 °C normal
2018-02-26__09:41:57 0.52 0.58 0.59 1.45 °C normal
2018-02-26__09:53:56 0.52 0.58 0.59 2.43 °C normal
2018-02-26__10:43:27 0.52 0.58 0.59 4.81 °C normal
2018-03-01__15:07:32 0.52 0.58 0.59 8.42 °C normal
2018-03-01__15:07:38 0.52 0.58 0.59 4.37 °C normal
2018-03-01__07:51:45 0.27 0.23 0.14 1.45 41.85°C normal
2018-03-01__07:51:51 0.25 0.22 0.14 0.50 41.31°C normal
2018-03-01__07:51:57 0.23 0.22 0.14 1.45 40.78°C normal
2018-03-01__07:52:03 0.21 0.21 0.14 0.49 40.78°C normal
2018-03-01__07:52:09 0.19 0.21 0.14 2.88 40.78°C normal
2018-03-01__07:52:15 0.16 0.20 0.13 1.45 40.78°C normal
2018-03-01__07:52:21 0.15 0.20 0.13 1.95 40.78°C normal
2018-03-01__07:52:27 0.14 0.20 0.13 24.51 40.78°C normal
2018-03-01__07:52:33 0.13 0.19 0.13 1.46 40.78°C normal
2018-03-01__07:52:39 0.12 0.19 0.13 1.46 40.78°C normal
2018-03-01__07:53:04 0.36 0.24 0.15 25.50 45.08°C normal
2018-03-01__07:53:10 0.45 0.26 0.16 1.46 41.85°C normal
2018-03-01__07:56:01 0.09 0.16 0.13 0.50 40.78°C normal
2018-03-01__07:56:07 0.08 0.16 0.13 2.93 40.24°C normal
2018-03-01__07:56:13 0.07 0.15 0.13 0.50 40.78°C normal
2018-03-01__07:56:19 0.07 0.15 0.13 1.46 40.78°C normal
2018-03-01__07:56:25 0.06 0.15 0.13 1.46 40.78°C normal
2018-03-01__07:56:31 0.12 0.16 0.13 2.40 40.78°C normal
2018-03-01__07:56:37 0.11 0.16 0.13 1.47 40.78°C normal
2018-03-01__07:56:43 0.11 0.15 0.13 0.98 40.78°C normal
2018-03-01__07:56:49 0.10 0.15 0.13 1.46 40.78°C normal
2018-03-01__07:56:55 0.09 0.15 0.13 1.93 40.78°C normal
2018-03-01__07:57:00 0.15 0.16 0.13 0.98 40.78°C normal
2018-03-01__07:57:06 0.14 0.16 0.13 1.94 40.78°C normal
2018-03-01__07:57:12 0.13 0.15 0.13 1.45 40.78°C normal
2018-03-01__07:57:18 0.12 0.15 0.13 0.49 40.78°C normal
2018-03-01__08:03:50 0.00 0.03 0.07 1.94 39.70°C normal
2018-03-01__08:03:56 0.00 0.03 0.07 1.45 40.78°C normal
2018-03-01__08:04:02 0.00 0.03 0.07 0.98 40.78°C normal
2018-03-01__08:04:08 0.00 0.03 0.07 0.98 40.24°C normal
2018-03-01__08:04:14 0.00 0.03 0.07 0.98 40.78°C normal
2018-03-01__08:04:20 0.00 0.03 0.07 0.49 40.78°C normal
2018-03-01__08:04:26 0.00 0.03 0.07 1.93 40.24°C normal
2018-03-01__08:04:32 0.00 0.02 0.07 1.46 40.78°C normal
2018-03-01__08:06:30 0.00 0.01 0.06 0.98 40.24°C normal
2018-03-01__08:06:36 0.00 0.01 0.06 0.49 40.24°C normal
2018-03-01__08:06:42 0.07 0.03 0.06 0.97 40.78°C normal
2018-03-01__08:06:48 0.07 0.03 0.06 1.46 40.78°C normal
2018-03-01__08:06:54 0.06 0.03 0.06 0.50 40.78°C normal
2018-03-01__08:07:00 0.06 0.03 0.06 25.62 40.78°C normal
2018-03-01__08:07:06 0.05 0.03 0.06 1.46 40.78°C normal
2018-03-01__08:07:11 0.05 0.03 0.06 1.45 40.24°C normal
2018-03-01__08:16:37 0.59 0.34 0.22 19.71 37.55°C normal
2018-03-01__08:17:54 0.20 0.27 0.21 1.46 38.62°C normal
2018-03-01__08:18:00 0.19 0.27 0.21 12.02 38.08°C normal
2018-03-01__08:18:06 0.17 0.26 0.20 1.94 39.70°C normal
2018-03-01__08:18:12 0.16 0.26 0.20 7.43 39.70°C normal
2018-03-01__08:18:17 0.14 0.26 0.20 1.45 38.62°C normal
2018-03-01__08:18:23 0.12 0.25 0.20 1.45 38.62°C normal
2018-03-01__08:18:29 0.11 0.24 0.20 2.43 38.08°C normal
2018-03-01__08:18:35 0.10 0.24 0.20 9.62 38.62°C normal
2018-03-01__08:18:41 0.09 0.23 0.19 21.40 38.62°C normal
2018-03-01__08:18:47 0.09 0.23 0.19 0.50 38.62°C normal
2018-03-01__08:18:53 0.15 0.24 0.20 0.98 38.62°C normal
2018-03-01__08:18:59 0.13 0.23 0.19 8.74 37.55°C normal
2018-03-01__08:19:05 0.12 0.23 0.19 1.98 38.62°C normal
2018-03-01__08:19:11 0.11 0.23 0.19 1.46 38.62°C normal
2018-03-01__09:17:25 0.17 0.16 0.12 1.45 38.08°C normal
2018-03-01__09:17:31 0.15 0.16 0.12 0.50 38.62°C normal
2018-03-01__09:17:37 0.22 0.17 0.13 1.47 39.16°C normal
2018-03-01__09:17:43 0.20 0.17 0.12 15.20 39.16°C normal
2018-03-01__09:17:49 0.19 0.17 0.12 1.45 39.16°C normal
2018-03-01__09:17:55 0.17 0.16 0.12 11.28 38.08°C normal
2018-03-01__09:18:01 0.14 0.16 0.12 1.46 39.16°C normal
2018-03-01__09:18:07 0.21 0.17 0.13 5.34 39.70°C normal
2018-03-01__09:18:13 0.20 0.17 0.12 0.50 38.62°C normal
2018-03-01__09:18:19 0.26 0.18 0.13 0.98 39.70°C normal
2018-03-01__09:18:25 0.24 0.18 0.13 1.47 38.62°C normal
2018-03-01__09:18:31 0.20 0.17 0.13 3.91 38.62°C normal
2018-03-01__09:18:37 0.19 0.17 0.13 1.93 38.62°C normal
2018-03-01__09:18:43 0.33 0.20 0.14 0.50 39.16°C normal
2018-03-01__09:18:49 0.38 0.22 0.14 1.93 38.62°C normal
2018-03-01__09:18:55 0.51 0.25 0.15 17.18 41.31°C normal
2018-03-01__09:19:00 0.60 0.27 0.16 29.07 44.00°C normal
2018-03-01__09:19:08 0.63 0.28 0.16 0.98 40.78°C normal
2018-03-01__09:19:14 0.58 0.28 0.16 4.88 39.70°C normal
2018-03-01__09:19:20 0.53 0.27 0.16 0.99 39.70°C normal
2018-03-01__09:19:26 0.52 0.28 0.17 1.95 40.24°C normal
2018-03-01__09:19:32 0.56 0.29 0.17 1.98 39.16°C normal
2018-03-01__09:19:37 0.52 0.29 0.17 5.83 38.62°C normal
2018-03-01__09:19:43 0.47 0.28 0.17 1.45 39.70°C normal
2018-03-01__09:19:49 0.44 0.28 0.17 1.47 39.70°C normal
2018-03-01__09:19:55 0.44 0.29 0.17 12.20 38.62°C normal
2018-03-01__09:20:01 0.41 0.28 0.17 26.50 39.70°C normal
2018-03-01__09:20:07 0.37 0.28 0.17 1.48 39.70°C normal
2018-03-01__09:20:13 0.34 0.27 0.17 1.46 39.70°C normal
2018-03-01__09:20:19 0.32 0.27 0.17 1.46 38.62°C normal
2018-03-01__09:20:25 0.29 0.26 0.17 6.32 38.62°C normal
2018-03-01__09:20:31 0.54 0.32 0.19 0.49 39.70°C normal
2018-03-01__09:20:37 0.50 0.31 0.19 1.45 39.16°C normal
2018-03-01__09:20:43 0.46 0.31 0.18 3.44 38.62°C normal
2018-03-01__09:20:49 0.42 0.30 0.18 1.96 39.70°C normal
2018-03-01__09:20:55 0.39 0.30 0.18 17.74 39.16°C normal
2018-03-01__09:21:01 0.40 0.30 0.18 0.50 38.62°C normal
2018-03-01__09:21:07 0.37 0.30 0.18 1.45 38.62°C normal
2018-03-01__09:21:13 0.34 0.29 0.18 12.07 38.62°C normal
2018-03-01__09:21:19 0.31 0.29 0.18 7.47 38.62°C normal
2018-03-01__09:21:25 0.29 0.28 0.18 1.96 38.62°C normal
2018-03-01__09:21:31 0.32 0.29 0.18 27.19 38.62°C normal
2018-03-01__09:21:37 0.29 0.28 0.18 1.47 39.16°C normal
2018-03-01__09:21:43 0.27 0.28 0.18 0.50 39.70°C normal
2018-03-01__09:23:05 1.19 0.60 0.30 1.45 40.78°C normal
2018-03-01__09:23:11 1.01 0.58 0.30 39.14 39.70°C normal
2018-03-01__09:23:17 0.93 0.57 0.30 0.98 39.70°C normal
2018-03-01__09:23:23 0.85 0.56 0.29 1.94 39.70°C normal
2018-03-01__09:23:29 0.79 0.55 0.29 19.52 39.16°C normal
2018-03-01__09:23:37 0.74 0.54 0.29 26.11 41.31°C normal
2018-03-01__09:23:43 0.68 0.54 0.29 9.18 39.70°C normal
2018-03-01__09:23:49 0.63 0.53 0.29 2.44 39.16°C normal
2018-03-01__09:23:55 0.58 0.52 0.29 3.91 39.16°C normal
2018-03-01__09:24:02 0.49 0.50 0.28 0.50 39.70°C normal
2018-03-01__09:24:08 0.45 0.49 0.28 4.93 39.16°C normal
2018-03-01__09:24:13 0.41 0.48 0.28 0.99 39.16°C normal
2018-03-01__09:24:19 0.38 0.47 0.28 18.23 39.16°C normal
2018-03-01__09:24:25 0.35 0.47 0.28 1.46 38.62°C normal
2018-03-01__09:24:31 0.62 0.52 0.29 29.27 39.70°C normal
2018-03-01__09:24:37 0.57 0.51 0.29 1.45 38.62°C normal
2018-03-01__09:24:43 0.52 0.50 0.29 1.45 39.16°C normal
2018-03-01__09:24:49 0.48 0.49 0.29 17.65 38.62°C normal
2018-03-01__09:24:55 0.44 0.48 0.29 8.74 39.70°C normal
2018-03-01__09:25:01 0.53 0.50 0.29 24.13 39.70°C normal
2018-03-01__09:25:07 0.48 0.49 0.29 3.44 38.62°C normal
2018-03-01__09:25:13 0.45 0.48 0.29 3.39 39.16°C normal
2018-03-01__09:25:19 0.41 0.48 0.29 6.35 38.62°C normal
2018-03-01__09:25:25 0.38 0.47 0.29 1.46 39.16°C normal
2018-03-01__09:25:31 0.43 0.48 0.29 1.45 38.62°C normal
2018-03-01__09:25:37 0.36 0.46 0.29 1.46 38.62°C normal
2018-03-01__09:25:43 0.33 0.45 0.28 7.85 39.16°C normal
2018-03-01__09:25:49 0.54 0.50 0.30 1.93 38.62°C normal
2018-03-01__09:25:55 0.50 0.49 0.30 23.12 38.62°C normal
2018-03-01__09:26:01 0.46 0.48 0.29 0.98 38.62°C normal
2018-03-01__09:26:07 0.54 0.50 0.30 1.98 39.70°C normal
2018-03-01__09:26:13 0.49 0.49 0.30 1.45 38.62°C normal
2018-03-01__09:26:19 0.45 0.48 0.30 1.45 38.62°C normal
2018-03-01__09:26:25 0.42 0.47 0.30 8.80 38.62°C normal
2018-03-01__09:26:31 0.38 0.46 0.29 0.98 38.62°C normal
2018-03-01__09:26:37 0.47 0.48 0.30 3.47 39.70°C normal
2018-03-01__09:26:43 0.43 0.47 0.30 1.47 40.24°C normal
2018-03-01__09:26:49 0.48 0.48 0.30 1.94 39.16°C normal
2018-03-01__09:26:55 0.44 0.47 0.30 1.47 38.62°C normal
2018-03-01__09:27:01 0.41 0.46 0.30 2.95 39.16°C normal
2018-03-01__09:27:07 0.34 0.45 0.30 1.96 40.24°C normal
2018-03-01__09:27:13 0.31 0.44 0.29 3.45 39.16°C normal
2018-03-01__09:27:19 0.29 0.43 0.29 7.58 39.70°C normal
2018-03-01__09:27:25 0.27 0.43 0.29 2.41 39.70°C normal
2018-03-01__09:27:31 0.24 0.42 0.29 0.98 38.62°C normal
2018-03-01__09:27:37 0.21 0.40 0.28 0.50 38.62°C normal
2018-03-01__09:27:43 0.27 0.41 0.29 19.03 39.70°C normal
2018-03-01__09:27:49 0.25 0.41 0.29 0.99 39.70°C normal
2018-03-01__09:27:55 0.23 0.40 0.28 0.50 39.16°C normal
2018-03-01__09:28:01 0.21 0.39 0.28 26.70 38.62°C normal
2018-03-01__09:28:07 0.32 0.41 0.29 0.99 39.70°C normal
2018-03-01__09:28:13 0.30 0.41 0.29 0.50 39.16°C normal
2018-03-01__09:28:19 0.27 0.40 0.29 2.42 38.62°C normal
2018-03-01__09:28:25 0.25 0.39 0.28 3.42 39.70°C normal
2018-03-01__09:28:31 0.23 0.39 0.28 1.45 39.70°C normal
2018-03-01__09:28:37 0.27 0.39 0.28 1.45 38.08°C normal
2018-03-01__09:28:43 0.25 0.38 0.28 1.46 38.62°C normal
2018-03-01__09:28:49 0.31 0.39 0.29 1.46 39.70°C normal
2018-03-01__09:28:55 0.28 0.39 0.28 0.50 39.16°C normal
2018-03-01__09:29:01 0.26 0.38 0.28 1.94 38.62°C normal
2018-03-01__09:29:07 0.30 0.38 0.28 29.36 39.16°C normal
2018-03-01__09:29:13 0.28 0.38 0.28 1.94 39.16°C normal
2018-03-01__09:29:19 0.25 0.37 0.28 0.49 38.62°C normal
2018-03-01__09:29:26 0.23 0.36 0.28 19.71 38.62°C normal
2018-03-01__09:29:32 0.27 0.37 0.28 14.01 39.16°C normal
2018-03-01__09:29:38 0.25 0.36 0.28 1.45 39.16°C normal
2018-03-01__09:29:44 0.23 0.36 0.28 22.85 37.55°C normal
2018-03-01__09:29:50 0.21 0.35 0.27 2.93 38.08°C normal
2018-03-01__09:29:56 0.19 0.34 0.27 1.97 39.16°C normal
2018-03-01__09:30:02 0.38 0.38 0.29 1.95 38.62°C normal
2018-03-01__09:30:08 0.35 0.37 0.28 21.81 38.62°C normal
2018-03-01__09:30:14 0.32 0.37 0.28 1.45 39.70°C normal
2018-03-01__09:30:20 0.30 0.36 0.28 9.71 38.62°C normal
2018-03-01__09:30:26 0.27 0.36 0.28 0.50 38.62°C normal
