2018-01-24__20:04:08 1 / 243422 162573	 34%
2018-01-24__20:04:08 1 /mnt/c 243422 162573	 34%
2018-01-24__20:04:08 1 /mnt/d 102407 60827	 41%
2018-01-24__20:04:08 1 /mnt/e 284684 112250	 61%
2018-01-24__20:04:08 1 /mnt/f 240656 68094	 72%
2018-01-24__20:04:08 1 /mnt/g 102400 41978	 60%
2018-01-24__20:04:08 1 /mnt/h 223721 113504	 50%
2018-01-24__20:04:08 0 disk 1440712 721799 50%
2018-02-26__09:42:10 1 / 243422 129276	 47%
2018-02-26__09:42:10 1 /mnt/c 243422 129276	 47%
2018-02-26__09:42:10 1 /mnt/d 102407 54100	 48%
2018-02-26__09:42:10 1 /mnt/e 284684 98875	 66%
2018-02-26__09:42:10 1 /mnt/f 240656 80873	 67%
2018-02-26__09:42:10 1 /mnt/g 102400 11121	 90%
2018-02-26__09:42:10 1 /mnt/h 223721 33046	 86%
2018-02-26__09:42:10 0 disk 1440712 536567 63%
2018-02-26__09:53:57 1 / 243422 129278	 47%
2018-02-26__09:53:57 1 /mnt/c 243422 129278	 47%
2018-02-26__09:53:57 1 /mnt/d 102407 54100	 48%
2018-02-26__09:53:57 1 /mnt/e 284684 98875	 66%
2018-02-26__09:53:57 1 /mnt/f 240656 80873	 67%
2018-02-26__09:53:57 1 /mnt/g 102400 11121	 90%
2018-02-26__09:53:57 1 /mnt/h 223721 33046	 86%
2018-02-26__09:53:57 0 disk 1440712 536571 63%
2018-02-26__10:30:24 1 / 243422 129991	 47%
2018-02-26__10:30:24 1 /mnt/c 243422 129991	 47%
2018-02-26__10:30:24 1 /mnt/d 102407 54100	 48%
2018-02-26__10:30:24 1 /mnt/e 284684 98875	 66%
2018-02-26__10:30:24 1 /mnt/f 240656 80847	 67%
2018-02-26__10:30:24 1 /mnt/g 102400 11121	 90%
2018-02-26__10:30:24 1 /mnt/h 223721 33046	 86%
2018-02-26__10:30:24 0 disk 1440712 537971 63%
2018-02-26__10:43:27 1 / 243422 130008	 47%
2018-02-26__10:43:27 1 /mnt/c 243422 130008	 47%
2018-02-26__10:43:27 1 /mnt/d 102407 54100	 48%
2018-02-26__10:43:27 1 /mnt/e 284684 98852	 66%
2018-02-26__10:43:27 1 /mnt/f 240656 80823	 67%
2018-02-26__10:43:27 1 /mnt/g 102400 11121	 90%
2018-02-26__10:43:27 1 /mnt/h 223721 33046	 86%
2018-02-26__10:43:27 0 disk 1440712 537958 63%
2018-02-27__15:21:43 1 / 243422 127050	 48%
2018-02-27__15:21:43 1 /mnt/c 243422 127050	 48%
2018-02-27__15:21:43 1 /mnt/d 102407 54100	 48%
2018-02-27__15:21:43 1 /mnt/e 284684 98611	 66%
2018-02-27__15:21:43 1 /mnt/f 240656 80335	 67%
2018-02-27__15:21:43 1 /mnt/g 102400 11121	 90%
2018-02-27__15:21:43 1 /mnt/h 223721 32807	 86%
2018-02-27__15:22:34 1 / 243422 127049	 48%
2018-02-27__15:22:34 1 /mnt/c 243422 127049	 48%
2018-02-27__15:22:34 1 /mnt/d 102407 54100	 48%
2018-02-27__15:22:34 1 /mnt/e 284684 98611	 66%
2018-02-27__15:22:34 1 /mnt/f 240656 80335	 67%
2018-02-27__15:22:34 1 /mnt/g 102400 11121	 90%
2018-02-27__15:22:34 1 /mnt/h 223721 32807	 86%
2018-02-27__15:26:34 1 / 243422 127042	 48%
2018-02-27__15:26:34 1 /mnt/c 243422 127042	 48%
2018-02-27__15:26:34 1 /mnt/d 102407 54100	 48%
2018-02-27__15:26:34 1 /mnt/e 284684 98608	 66%
2018-02-27__15:26:34 1 /mnt/f 240656 80335	 67%
2018-02-27__15:26:34 1 /mnt/g 102400 11121	 90%
2018-02-27__15:26:34 1 /mnt/h 223721 32807	 86%
2018-02-27__15:28:00 1 / 243422 127040	 48%
2018-02-27__15:28:00 1 /mnt/c 243422 127040	 48%
2018-02-27__15:28:00 1 /mnt/d 102407 54100	 48%
2018-02-27__15:28:00 1 /mnt/e 284684 98608	 66%
2018-02-27__15:28:00 1 /mnt/f 240656 80335	 67%
2018-02-27__15:28:00 1 /mnt/g 102400 11121	 90%
2018-02-27__15:28:00 1 /mnt/h 223721 32807	 86%
2018-03-01__15:07:32 1 / 243422 122357	 50%
2018-03-01__15:07:32 1 /mnt/c 243422 122357	 50%
2018-03-01__15:07:32 1 /mnt/d 102407 54098	 48%
2018-03-01__15:07:32 1 /mnt/e 284684 97994	 66%
2018-03-01__15:07:32 1 /mnt/f 240656 80195	 67%
2018-03-01__15:07:32 1 /mnt/g 102400 11121	 90%
2018-03-01__15:07:32 1 /mnt/h 223721 32807	 86%
2018-03-01__15:07:32 0 disk 1440712 520929 64%
2018-03-01__15:07:38 1 / 243422 122357	 50%
2018-03-01__15:07:38 1 /mnt/c 243422 122357	 50%
2018-03-01__15:07:38 1 /mnt/d 102407 54098	 48%
2018-03-01__15:07:38 1 /mnt/e 284684 97994	 66%
2018-03-01__15:07:38 1 /mnt/f 240656 80195	 67%
2018-03-01__15:07:38 1 /mnt/g 102400 11121	 90%
2018-03-01__15:07:38 1 /mnt/h 223721 32807	 86%
2018-03-01__15:07:38 0 disk 1440712 520929 64%
2018-03-01__07:51:46 1 / 29899 18347	 36%
2018-03-01__07:51:46 1 /boot 42 21	 51%
2018-03-01__07:51:46 0 disk 29941 18368 39%
2018-03-01__07:51:52 1 / 29899 18347	 36%
2018-03-01__07:51:52 1 /boot 42 21	 51%
2018-03-01__07:51:52 0 disk 29941 18368 39%
2018-03-01__07:51:58 1 / 29899 18347	 36%
2018-03-01__07:51:58 1 /boot 42 21	 51%
2018-03-01__07:51:58 0 disk 29941 18368 39%
2018-03-01__07:52:04 1 / 29899 18347	 36%
2018-03-01__07:52:04 1 /boot 42 21	 51%
2018-03-01__07:52:04 0 disk 29941 18368 39%
2018-03-01__07:52:10 1 / 29899 18347	 36%
2018-03-01__07:52:10 1 /boot 42 21	 51%
2018-03-01__07:52:10 0 disk 29941 18368 39%
2018-03-01__07:52:16 1 / 29899 18347	 36%
2018-03-01__07:52:16 1 /boot 42 21	 51%
2018-03-01__07:52:16 0 disk 29941 18368 39%
2018-03-01__07:52:22 1 / 29899 18347	 36%
2018-03-01__07:52:22 1 /boot 42 21	 51%
2018-03-01__07:52:22 0 disk 29941 18368 39%
2018-03-01__07:52:28 1 / 29899 18347	 36%
2018-03-01__07:52:28 1 /boot 42 21	 51%
2018-03-01__07:52:28 0 disk 29941 18368 39%
2018-03-01__07:52:34 1 / 29899 18347	 36%
2018-03-01__07:52:34 1 /boot 42 21	 51%
2018-03-01__07:52:34 0 disk 29941 18368 39%
2018-03-01__07:52:40 1 / 29899 18347	 36%
2018-03-01__07:52:40 1 /boot 42 21	 51%
2018-03-01__07:52:40 0 disk 29941 18368 39%
2018-03-01__07:53:05 1 / 29899 18347	 36%
2018-03-01__07:53:05 1 /boot 42 21	 51%
2018-03-01__07:53:05 0 disk 29941 18368 39%
2018-03-01__07:53:11 1 / 29899 18347	 36%
2018-03-01__07:53:11 1 /boot 42 21	 51%
2018-03-01__07:53:11 0 disk 29941 18368 39%
2018-03-01__07:56:01 1 / 29899 18347	 36%
2018-03-01__07:56:01 1 /boot 42 21	 51%
2018-03-01__07:56:01 0 disk 29941 18368 39%
2018-03-01__07:56:07 1 / 29899 18347	 36%
2018-03-01__07:56:07 1 /boot 42 21	 51%
2018-03-01__07:56:07 0 disk 29941 18368 39%
2018-03-01__07:56:13 1 / 29899 18347	 36%
2018-03-01__07:56:13 1 /boot 42 21	 51%
2018-03-01__07:56:13 0 disk 29941 18368 39%
2018-03-01__07:56:19 1 / 29899 18347	 36%
2018-03-01__07:56:19 1 /boot 42 21	 51%
2018-03-01__07:56:19 0 disk 29941 18368 39%
2018-03-01__07:56:25 1 / 29899 18347	 36%
2018-03-01__07:56:25 1 /boot 42 21	 51%
2018-03-01__07:56:25 0 disk 29941 18368 39%
2018-03-01__07:56:31 1 / 29899 18347	 36%
2018-03-01__07:56:31 1 /boot 42 21	 51%
2018-03-01__07:56:31 0 disk 29941 18368 39%
2018-03-01__07:56:37 1 / 29899 18347	 36%
2018-03-01__07:56:37 1 /boot 42 21	 51%
2018-03-01__07:56:37 0 disk 29941 18368 39%
2018-03-01__07:56:43 1 / 29899 18347	 36%
2018-03-01__07:56:43 1 /boot 42 21	 51%
2018-03-01__07:56:43 0 disk 29941 18368 39%
2018-03-01__07:56:49 1 / 29899 18347	 36%
2018-03-01__07:56:49 1 /boot 42 21	 51%
2018-03-01__07:56:49 0 disk 29941 18368 39%
2018-03-01__07:56:55 1 / 29899 18347	 36%
2018-03-01__07:56:55 1 /boot 42 21	 51%
2018-03-01__07:56:55 0 disk 29941 18368 39%
2018-03-01__07:57:01 1 / 29899 18347	 36%
2018-03-01__07:57:01 1 /boot 42 21	 51%
2018-03-01__07:57:01 0 disk 29941 18368 39%
2018-03-01__07:57:07 1 / 29899 18347	 36%
2018-03-01__07:57:07 1 /boot 42 21	 51%
2018-03-01__07:57:07 0 disk 29941 18368 39%
2018-03-01__07:57:13 1 / 29899 18347	 36%
2018-03-01__07:57:13 1 /boot 42 21	 51%
2018-03-01__07:57:13 0 disk 29941 18368 39%
2018-03-01__07:57:19 1 / 29899 18347	 36%
2018-03-01__07:57:19 1 /boot 42 21	 51%
2018-03-01__07:57:19 0 disk 29941 18368 39%
2018-03-01__08:03:51 1 / 29899 18347	 36%
2018-03-01__08:03:51 1 /boot 42 21	 51%
2018-03-01__08:03:51 0 disk 29941 18368 39%
2018-03-01__08:03:57 1 / 29899 18347	 36%
2018-03-01__08:03:57 1 /boot 42 21	 51%
2018-03-01__08:03:57 0 disk 29941 18368 39%
2018-03-01__08:04:03 1 / 29899 18347	 36%
2018-03-01__08:04:03 1 /boot 42 21	 51%
2018-03-01__08:04:03 0 disk 29941 18368 39%
2018-03-01__08:04:09 1 / 29899 18347	 36%
2018-03-01__08:04:09 1 /boot 42 21	 51%
2018-03-01__08:04:09 0 disk 29941 18368 39%
2018-03-01__08:04:15 1 / 29899 18347	 36%
2018-03-01__08:04:15 1 /boot 42 21	 51%
2018-03-01__08:04:15 0 disk 29941 18368 39%
2018-03-01__08:04:21 1 / 29899 18347	 36%
2018-03-01__08:04:21 1 /boot 42 21	 51%
2018-03-01__08:04:21 0 disk 29941 18368 39%
2018-03-01__08:04:26 1 / 29899 18347	 36%
2018-03-01__08:04:26 1 /boot 42 21	 51%
2018-03-01__08:04:26 0 disk 29941 18368 39%
2018-03-01__08:04:32 1 / 29899 18347	 36%
2018-03-01__08:04:32 1 /boot 42 21	 51%
2018-03-01__08:04:32 0 disk 29941 18368 39%
2018-03-01__08:04:38 1 / 29899 18347	 36%
2018-03-01__08:04:38 1 /boot 42 21	 51%
2018-03-01__08:04:38 0 disk 29941 18368 39%
2018-03-01__08:06:30 1 / 29899 18347	 36%
2018-03-01__08:06:30 1 /boot 42 21	 51%
2018-03-01__08:06:30 0 disk 29941 18368 39%
2018-03-01__08:06:36 1 / 29899 18347	 36%
2018-03-01__08:06:36 1 /boot 42 21	 51%
2018-03-01__08:06:36 0 disk 29941 18368 39%
2018-03-01__08:06:42 1 / 29899 18347	 36%
2018-03-01__08:06:42 1 /boot 42 21	 51%
2018-03-01__08:06:42 0 disk 29941 18368 39%
2018-03-01__08:06:48 1 / 29899 18347	 36%
2018-03-01__08:06:48 1 /boot 42 21	 51%
2018-03-01__08:06:48 0 disk 29941 18368 39%
2018-03-01__08:06:54 1 / 29899 18347	 36%
2018-03-01__08:06:54 1 /boot 42 21	 51%
2018-03-01__08:06:54 0 disk 29941 18368 39%
2018-03-01__08:07:00 1 / 29899 18347	 36%
2018-03-01__08:07:00 1 /boot 42 21	 51%
2018-03-01__08:07:00 0 disk 29941 18368 39%
2018-03-01__08:07:06 1 / 29899 18347	 36%
2018-03-01__08:07:06 1 /boot 42 21	 51%
2018-03-01__08:07:06 0 disk 29941 18368 39%
2018-03-01__08:07:12 1 / 29899 18347	 36%
2018-03-01__08:07:12 1 /boot 42 21	 51%
2018-03-01__08:07:12 0 disk 29941 18368 39%
2018-03-01__08:16:37 1 / 29899 18095	 37%
2018-03-01__08:16:37 1 /boot 42 21	 51%
2018-03-01__08:16:37 0 disk 29941 18116 40%
2018-03-01__08:17:54 1 / 29899 18095	 37%
2018-03-01__08:17:54 1 /boot 42 21	 51%
2018-03-01__08:17:54 0 disk 29941 18116 40%
2018-03-01__08:18:00 1 / 29899 18095	 37%
2018-03-01__08:18:00 1 /boot 42 21	 51%
2018-03-01__08:18:00 0 disk 29941 18116 40%
2018-03-01__08:18:06 1 / 29899 18095	 37%
2018-03-01__08:18:06 1 /boot 42 21	 51%
2018-03-01__08:18:06 0 disk 29941 18116 40%
2018-03-01__08:18:12 1 / 29899 18095	 37%
2018-03-01__08:18:12 1 /boot 42 21	 51%
2018-03-01__08:18:12 0 disk 29941 18116 40%
2018-03-01__08:18:18 1 / 29899 18095	 37%
2018-03-01__08:18:18 1 /boot 42 21	 51%
2018-03-01__08:18:18 0 disk 29941 18116 40%
2018-03-01__08:18:24 1 / 29899 18095	 37%
2018-03-01__08:18:24 1 /boot 42 21	 51%
2018-03-01__08:18:24 0 disk 29941 18116 40%
2018-03-01__08:18:30 1 / 29899 18095	 37%
2018-03-01__08:18:30 1 /boot 42 21	 51%
2018-03-01__08:18:30 0 disk 29941 18116 40%
2018-03-01__08:18:36 1 / 29899 18095	 37%
2018-03-01__08:18:36 1 /boot 42 21	 51%
2018-03-01__08:18:36 0 disk 29941 18116 40%
2018-03-01__08:18:42 1 / 29899 18095	 37%
2018-03-01__08:18:42 1 /boot 42 21	 51%
2018-03-01__08:18:42 0 disk 29941 18116 40%
2018-03-01__08:18:48 1 / 29899 18095	 37%
2018-03-01__08:18:48 1 /boot 42 21	 51%
2018-03-01__08:18:48 0 disk 29941 18116 40%
2018-03-01__08:18:54 1 / 29899 18095	 37%
2018-03-01__08:18:54 1 /boot 42 21	 51%
2018-03-01__08:18:54 0 disk 29941 18116 40%
2018-03-01__08:19:00 1 / 29899 18095	 37%
2018-03-01__08:19:00 1 /boot 42 21	 51%
2018-03-01__08:19:00 0 disk 29941 18116 40%
2018-03-01__08:19:06 1 / 29899 18095	 37%
2018-03-01__08:19:06 1 /boot 42 21	 51%
2018-03-01__08:19:06 0 disk 29941 18116 40%
2018-03-01__08:19:12 1 / 29899 18095	 37%
2018-03-01__08:19:12 1 /boot 42 21	 51%
2018-03-01__08:19:12 0 disk 29941 18116 40%
2018-03-01__09:17:26 1 / 29899 18095	 37%
2018-03-01__09:17:26 1 /boot 42 21	 51%
2018-03-01__09:17:26 0 disk 29941 18116 40%
2018-03-01__09:17:32 1 / 29899 18095	 37%
2018-03-01__09:17:32 1 /boot 42 21	 51%
2018-03-01__09:17:32 0 disk 29941 18116 40%
2018-03-01__09:17:38 1 / 29899 18095	 37%
2018-03-01__09:17:38 1 /boot 42 21	 51%
2018-03-01__09:17:38 0 disk 29941 18116 40%
2018-03-01__09:17:44 1 / 29899 18095	 37%
2018-03-01__09:17:44 1 /boot 42 21	 51%
2018-03-01__09:17:44 0 disk 29941 18116 40%
2018-03-01__09:17:50 1 / 29899 18095	 37%
2018-03-01__09:17:50 1 /boot 42 21	 51%
2018-03-01__09:17:50 0 disk 29941 18116 40%
2018-03-01__09:17:55 1 / 29899 18095	 37%
2018-03-01__09:17:55 1 /boot 42 21	 51%
2018-03-01__09:17:55 0 disk 29941 18116 40%
2018-03-01__09:18:01 1 / 29899 18095	 37%
2018-03-01__09:18:01 1 /boot 42 21	 51%
2018-03-01__09:18:01 0 disk 29941 18116 40%
2018-03-01__09:18:07 1 / 29899 18095	 37%
2018-03-01__09:18:07 1 /boot 42 21	 51%
2018-03-01__09:18:07 0 disk 29941 18116 40%
2018-03-01__09:18:13 1 / 29899 18095	 37%
2018-03-01__09:18:13 1 /boot 42 21	 51%
2018-03-01__09:18:13 0 disk 29941 18116 40%
2018-03-01__09:18:19 1 / 29899 18095	 37%
2018-03-01__09:18:19 1 /boot 42 21	 51%
2018-03-01__09:18:19 0 disk 29941 18116 40%
2018-03-01__09:18:25 1 / 29899 18095	 37%
2018-03-01__09:18:25 1 /boot 42 21	 51%
2018-03-01__09:18:25 0 disk 29941 18116 40%
2018-03-01__09:18:31 1 / 29899 18095	 37%
2018-03-01__09:18:31 1 /boot 42 21	 51%
2018-03-01__09:18:31 0 disk 29941 18116 40%
2018-03-01__09:18:37 1 / 29899 18095	 37%
2018-03-01__09:18:37 1 /boot 42 21	 51%
2018-03-01__09:18:37 0 disk 29941 18116 40%
2018-03-01__09:18:43 1 / 29899 18095	 37%
2018-03-01__09:18:43 1 /boot 42 21	 51%
2018-03-01__09:18:43 0 disk 29941 18116 40%
2018-03-01__09:18:49 1 / 29899 18095	 37%
2018-03-01__09:18:49 1 /boot 42 21	 51%
2018-03-01__09:18:49 0 disk 29941 18116 40%
2018-03-01__09:18:55 1 / 29899 18062	 37%
2018-03-01__09:18:55 1 /boot 42 21	 51%
2018-03-01__09:18:55 0 disk 29941 18083 40%
2018-03-01__09:19:01 1 / 29899 18010	 38%
2018-03-01__09:19:01 1 /boot 42 21	 51%
2018-03-01__09:19:01 0 disk 29941 18031 40%
2018-03-01__09:19:08 1 / 29899 18010	 38%
2018-03-01__09:19:08 1 /boot 42 21	 51%
2018-03-01__09:19:08 0 disk 29941 18031 40%
2018-03-01__09:19:14 1 / 29899 18010	 38%
2018-03-01__09:19:14 1 /boot 42 21	 51%
2018-03-01__09:19:14 0 disk 29941 18031 40%
2018-03-01__09:19:20 1 / 29899 18010	 38%
2018-03-01__09:19:20 1 /boot 42 21	 51%
2018-03-01__09:19:20 0 disk 29941 18031 40%
2018-03-01__09:19:26 1 / 29899 18010	 38%
2018-03-01__09:19:26 1 /boot 42 21	 51%
2018-03-01__09:19:26 0 disk 29941 18031 40%
2018-03-01__09:19:32 1 / 29899 18095	 37%
2018-03-01__09:19:32 1 /boot 42 21	 51%
2018-03-01__09:19:32 0 disk 29941 18116 40%
2018-03-01__09:19:38 1 / 29899 18095	 37%
2018-03-01__09:19:38 1 /boot 42 21	 51%
2018-03-01__09:19:38 0 disk 29941 18116 40%
2018-03-01__09:19:44 1 / 29899 18095	 37%
2018-03-01__09:19:44 1 /boot 42 21	 51%
2018-03-01__09:19:44 0 disk 29941 18116 40%
2018-03-01__09:19:50 1 / 29899 18095	 37%
2018-03-01__09:19:50 1 /boot 42 21	 51%
2018-03-01__09:19:50 0 disk 29941 18116 40%
2018-03-01__09:19:56 1 / 29899 18095	 37%
2018-03-01__09:19:56 1 /boot 42 21	 51%
2018-03-01__09:19:56 0 disk 29941 18116 40%
2018-03-01__09:20:02 1 / 29899 18095	 37%
2018-03-01__09:20:02 1 /boot 42 21	 51%
2018-03-01__09:20:02 0 disk 29941 18116 40%
2018-03-01__09:20:08 1 / 29899 18095	 37%
2018-03-01__09:20:08 1 /boot 42 21	 51%
2018-03-01__09:20:08 0 disk 29941 18116 40%
2018-03-01__09:20:14 1 / 29899 18095	 37%
2018-03-01__09:20:14 1 /boot 42 21	 51%
2018-03-01__09:20:14 0 disk 29941 18116 40%
2018-03-01__09:20:20 1 / 29899 18095	 37%
2018-03-01__09:20:20 1 /boot 42 21	 51%
2018-03-01__09:20:20 0 disk 29941 18116 40%
2018-03-01__09:20:26 1 / 29899 18095	 37%
2018-03-01__09:20:26 1 /boot 42 21	 51%
2018-03-01__09:20:26 0 disk 29941 18116 40%
2018-03-01__09:20:32 1 / 29899 18095	 37%
2018-03-01__09:20:32 1 /boot 42 21	 51%
2018-03-01__09:20:32 0 disk 29941 18116 40%
2018-03-01__09:20:38 1 / 29899 18095	 37%
2018-03-01__09:20:38 1 /boot 42 21	 51%
2018-03-01__09:20:38 0 disk 29941 18116 40%
2018-03-01__09:20:44 1 / 29899 18095	 37%
2018-03-01__09:20:44 1 /boot 42 21	 51%
2018-03-01__09:20:44 0 disk 29941 18116 40%
2018-03-01__09:20:50 1 / 29899 18095	 37%
2018-03-01__09:20:50 1 /boot 42 21	 51%
2018-03-01__09:20:50 0 disk 29941 18116 40%
2018-03-01__09:20:56 1 / 29899 18095	 37%
2018-03-01__09:20:56 1 /boot 42 21	 51%
2018-03-01__09:20:56 0 disk 29941 18116 40%
2018-03-01__09:21:02 1 / 29899 18095	 37%
2018-03-01__09:21:02 1 /boot 42 21	 51%
2018-03-01__09:21:02 0 disk 29941 18116 40%
2018-03-01__09:21:08 1 / 29899 18095	 37%
2018-03-01__09:21:08 1 /boot 42 21	 51%
2018-03-01__09:21:08 0 disk 29941 18116 40%
2018-03-01__09:21:14 1 / 29899 18095	 37%
2018-03-01__09:21:14 1 /boot 42 21	 51%
2018-03-01__09:21:14 0 disk 29941 18116 40%
2018-03-01__09:21:20 1 / 29899 18095	 37%
2018-03-01__09:21:20 1 /boot 42 21	 51%
2018-03-01__09:21:20 0 disk 29941 18116 40%
2018-03-01__09:21:26 1 / 29899 18095	 37%
2018-03-01__09:21:26 1 /boot 42 21	 51%
2018-03-01__09:21:26 0 disk 29941 18116 40%
2018-03-01__09:21:32 1 / 29899 18095	 37%
2018-03-01__09:21:32 1 /boot 42 21	 51%
2018-03-01__09:21:32 0 disk 29941 18116 40%
2018-03-01__09:21:38 1 / 29899 18095	 37%
2018-03-01__09:21:38 1 /boot 42 21	 51%
2018-03-01__09:21:38 0 disk 29941 18116 40%
2018-03-01__09:21:44 1 / 29899 18095	 37%
2018-03-01__09:21:44 1 /boot 42 21	 51%
2018-03-01__09:21:44 0 disk 29941 18116 40%
2018-03-01__09:23:06 1 / 29899 18095	 37%
2018-03-01__09:23:06 1 /boot 42 21	 51%
2018-03-01__09:23:06 0 disk 29941 18116 40%
2018-03-01__09:23:12 1 / 29899 18095	 37%
2018-03-01__09:23:12 1 /boot 42 21	 51%
2018-03-01__09:23:12 0 disk 29941 18116 40%
2018-03-01__09:23:18 1 / 29899 18095	 37%
2018-03-01__09:23:18 1 /boot 42 21	 51%
2018-03-01__09:23:18 0 disk 29941 18116 40%
2018-03-01__09:23:24 1 / 29899 18095	 37%
2018-03-01__09:23:24 1 /boot 42 21	 51%
2018-03-01__09:23:24 0 disk 29941 18116 40%
2018-03-01__09:23:30 1 / 29899 18095	 37%
2018-03-01__09:23:30 1 /boot 42 21	 51%
2018-03-01__09:23:30 0 disk 29941 18116 40%
2018-03-01__09:23:38 1 / 29899 18095	 37%
2018-03-01__09:23:38 1 /boot 42 21	 51%
2018-03-01__09:23:38 0 disk 29941 18116 40%
2018-03-01__09:23:44 1 / 29899 18095	 37%
2018-03-01__09:23:44 1 /boot 42 21	 51%
2018-03-01__09:23:44 0 disk 29941 18116 40%
2018-03-01__09:23:50 1 / 29899 18095	 37%
2018-03-01__09:23:50 1 /boot 42 21	 51%
2018-03-01__09:23:50 0 disk 29941 18116 40%
2018-03-01__09:23:56 1 / 29899 18095	 37%
2018-03-01__09:23:56 1 /boot 42 21	 51%
2018-03-01__09:23:56 0 disk 29941 18116 40%
2018-03-01__09:24:02 1 / 29899 18095	 37%
2018-03-01__09:24:02 1 /boot 42 21	 51%
2018-03-01__09:24:02 0 disk 29941 18116 40%
2018-03-01__09:24:08 1 / 29899 18095	 37%
2018-03-01__09:24:08 1 /boot 42 21	 51%
2018-03-01__09:24:08 0 disk 29941 18116 40%
2018-03-01__09:24:14 1 / 29899 18095	 37%
2018-03-01__09:24:14 1 /boot 42 21	 51%
2018-03-01__09:24:14 0 disk 29941 18116 40%
2018-03-01__09:24:20 1 / 29899 18095	 37%
2018-03-01__09:24:20 1 /boot 42 21	 51%
2018-03-01__09:24:20 0 disk 29941 18116 40%
2018-03-01__09:24:26 1 / 29899 18095	 37%
2018-03-01__09:24:26 1 /boot 42 21	 51%
2018-03-01__09:24:26 0 disk 29941 18116 40%
2018-03-01__09:24:32 1 / 29899 18095	 37%
2018-03-01__09:24:32 1 /boot 42 21	 51%
2018-03-01__09:24:32 0 disk 29941 18116 40%
2018-03-01__09:24:38 1 / 29899 18095	 37%
2018-03-01__09:24:38 1 /boot 42 21	 51%
2018-03-01__09:24:38 0 disk 29941 18116 40%
2018-03-01__09:24:44 1 / 29899 18095	 37%
2018-03-01__09:24:44 1 /boot 42 21	 51%
2018-03-01__09:24:44 0 disk 29941 18116 40%
2018-03-01__09:24:50 1 / 29899 18095	 37%
2018-03-01__09:24:50 1 /boot 42 21	 51%
2018-03-01__09:24:50 0 disk 29941 18116 40%
2018-03-01__09:24:56 1 / 29899 18095	 37%
2018-03-01__09:24:56 1 /boot 42 21	 51%
2018-03-01__09:24:56 0 disk 29941 18116 40%
2018-03-01__09:25:02 1 / 29899 18095	 37%
2018-03-01__09:25:02 1 /boot 42 21	 51%
2018-03-01__09:25:02 0 disk 29941 18116 40%
2018-03-01__09:25:08 1 / 29899 18095	 37%
2018-03-01__09:25:08 1 /boot 42 21	 51%
2018-03-01__09:25:08 0 disk 29941 18116 40%
2018-03-01__09:25:14 1 / 29899 18095	 37%
2018-03-01__09:25:14 1 /boot 42 21	 51%
2018-03-01__09:25:14 0 disk 29941 18116 40%
2018-03-01__09:25:20 1 / 29899 18095	 37%
2018-03-01__09:25:20 1 /boot 42 21	 51%
2018-03-01__09:25:20 0 disk 29941 18116 40%
2018-03-01__09:25:26 1 / 29899 18095	 37%
2018-03-01__09:25:26 1 /boot 42 21	 51%
2018-03-01__09:25:26 0 disk 29941 18116 40%
2018-03-01__09:25:32 1 / 29899 18095	 37%
2018-03-01__09:25:32 1 /boot 42 21	 51%
2018-03-01__09:25:32 0 disk 29941 18116 40%
2018-03-01__09:25:38 1 / 29899 18095	 37%
2018-03-01__09:25:38 1 /boot 42 21	 51%
2018-03-01__09:25:38 0 disk 29941 18116 40%
2018-03-01__09:25:44 1 / 29899 18095	 37%
2018-03-01__09:25:44 1 /boot 42 21	 51%
2018-03-01__09:25:44 0 disk 29941 18116 40%
2018-03-01__09:25:50 1 / 29899 18095	 37%
2018-03-01__09:25:50 1 /boot 42 21	 51%
2018-03-01__09:25:50 0 disk 29941 18116 40%
2018-03-01__09:25:55 1 / 29899 18095	 37%
2018-03-01__09:25:55 1 /boot 42 21	 51%
2018-03-01__09:25:55 0 disk 29941 18116 40%
2018-03-01__09:26:02 1 / 29899 18095	 37%
2018-03-01__09:26:02 1 /boot 42 21	 51%
2018-03-01__09:26:02 0 disk 29941 18116 40%
2018-03-01__09:26:07 1 / 29899 18095	 37%
2018-03-01__09:26:07 1 /boot 42 21	 51%
2018-03-01__09:26:07 0 disk 29941 18116 40%
2018-03-01__09:26:13 1 / 29899 18095	 37%
2018-03-01__09:26:13 1 /boot 42 21	 51%
2018-03-01__09:26:13 0 disk 29941 18116 40%
2018-03-01__09:26:20 1 / 29899 18095	 37%
2018-03-01__09:26:20 1 /boot 42 21	 51%
2018-03-01__09:26:20 0 disk 29941 18116 40%
2018-03-01__09:26:26 1 / 29899 18095	 37%
2018-03-01__09:26:26 1 /boot 42 21	 51%
2018-03-01__09:26:26 0 disk 29941 18116 40%
2018-03-01__09:26:32 1 / 29899 18095	 37%
2018-03-01__09:26:32 1 /boot 42 21	 51%
2018-03-01__09:26:32 0 disk 29941 18116 40%
2018-03-01__09:26:38 1 / 29899 18095	 37%
2018-03-01__09:26:38 1 /boot 42 21	 51%
2018-03-01__09:26:38 0 disk 29941 18116 40%
2018-03-01__09:26:44 1 / 29899 18095	 37%
2018-03-01__09:26:44 1 /boot 42 21	 51%
2018-03-01__09:26:44 0 disk 29941 18116 40%
2018-03-01__09:26:50 1 / 29899 18095	 37%
2018-03-01__09:26:50 1 /boot 42 21	 51%
2018-03-01__09:26:50 0 disk 29941 18116 40%
2018-03-01__09:26:56 1 / 29899 18095	 37%
2018-03-01__09:26:56 1 /boot 42 21	 51%
2018-03-01__09:26:56 0 disk 29941 18116 40%
2018-03-01__09:27:02 1 / 29899 18095	 37%
2018-03-01__09:27:02 1 /boot 42 21	 51%
2018-03-01__09:27:02 0 disk 29941 18116 40%
2018-03-01__09:27:08 1 / 29899 18095	 37%
2018-03-01__09:27:08 1 /boot 42 21	 51%
2018-03-01__09:27:08 0 disk 29941 18116 40%
2018-03-01__09:27:14 1 / 29899 18095	 37%
2018-03-01__09:27:14 1 /boot 42 21	 51%
2018-03-01__09:27:14 0 disk 29941 18116 40%
2018-03-01__09:27:20 1 / 29899 18095	 37%
2018-03-01__09:27:20 1 /boot 42 21	 51%
2018-03-01__09:27:20 0 disk 29941 18116 40%
2018-03-01__09:27:26 1 / 29899 18095	 37%
2018-03-01__09:27:26 1 /boot 42 21	 51%
2018-03-01__09:27:26 0 disk 29941 18116 40%
2018-03-01__09:27:32 1 / 29899 18095	 37%
2018-03-01__09:27:32 1 /boot 42 21	 51%
2018-03-01__09:27:32 0 disk 29941 18116 40%
2018-03-01__09:27:38 1 / 29899 18095	 37%
2018-03-01__09:27:38 1 /boot 42 21	 51%
2018-03-01__09:27:38 0 disk 29941 18116 40%
2018-03-01__09:27:44 1 / 29899 18095	 37%
2018-03-01__09:27:44 1 /boot 42 21	 51%
2018-03-01__09:27:44 0 disk 29941 18116 40%
2018-03-01__09:27:50 1 / 29899 18095	 37%
2018-03-01__09:27:50 1 /boot 42 21	 51%
2018-03-01__09:27:50 0 disk 29941 18116 40%
2018-03-01__09:27:56 1 / 29899 18095	 37%
2018-03-01__09:27:56 1 /boot 42 21	 51%
2018-03-01__09:27:56 0 disk 29941 18116 40%
2018-03-01__09:28:02 1 / 29899 18095	 37%
2018-03-01__09:28:02 1 /boot 42 21	 51%
2018-03-01__09:28:02 0 disk 29941 18116 40%
2018-03-01__09:28:08 1 / 29899 18095	 37%
2018-03-01__09:28:08 1 /boot 42 21	 51%
2018-03-01__09:28:08 0 disk 29941 18116 40%
2018-03-01__09:28:14 1 / 29899 18095	 37%
2018-03-01__09:28:14 1 /boot 42 21	 51%
2018-03-01__09:28:14 0 disk 29941 18116 40%
2018-03-01__09:28:20 1 / 29899 18095	 37%
2018-03-01__09:28:20 1 /boot 42 21	 51%
2018-03-01__09:28:20 0 disk 29941 18116 40%
2018-03-01__09:28:26 1 / 29899 18095	 37%
2018-03-01__09:28:26 1 /boot 42 21	 51%
2018-03-01__09:28:26 0 disk 29941 18116 40%
2018-03-01__09:28:32 1 / 29899 18095	 37%
2018-03-01__09:28:32 1 /boot 42 21	 51%
2018-03-01__09:28:32 0 disk 29941 18116 40%
2018-03-01__09:28:38 1 / 29899 18095	 37%
2018-03-01__09:28:38 1 /boot 42 21	 51%
2018-03-01__09:28:38 0 disk 29941 18116 40%
2018-03-01__09:28:44 1 / 29899 18095	 37%
2018-03-01__09:28:44 1 /boot 42 21	 51%
2018-03-01__09:28:44 0 disk 29941 18116 40%
2018-03-01__09:28:50 1 / 29899 18095	 37%
2018-03-01__09:28:50 1 /boot 42 21	 51%
2018-03-01__09:28:50 0 disk 29941 18116 40%
2018-03-01__09:28:56 1 / 29899 18095	 37%
2018-03-01__09:28:56 1 /boot 42 21	 51%
2018-03-01__09:28:56 0 disk 29941 18116 40%
2018-03-01__09:29:02 1 / 29899 18095	 37%
2018-03-01__09:29:02 1 /boot 42 21	 51%
2018-03-01__09:29:02 0 disk 29941 18116 40%
2018-03-01__09:29:08 1 / 29899 18095	 37%
2018-03-01__09:29:08 1 /boot 42 21	 51%
2018-03-01__09:29:08 0 disk 29941 18116 40%
2018-03-01__09:29:14 1 / 29899 18095	 37%
2018-03-01__09:29:14 1 /boot 42 21	 51%
2018-03-01__09:29:14 0 disk 29941 18116 40%
2018-03-01__09:29:20 1 / 29899 18095	 37%
2018-03-01__09:29:20 1 /boot 42 21	 51%
2018-03-01__09:29:20 0 disk 29941 18116 40%
2018-03-01__09:29:27 1 / 29899 18095	 37%
2018-03-01__09:29:27 1 /boot 42 21	 51%
2018-03-01__09:29:27 0 disk 29941 18116 40%
2018-03-01__09:29:32 1 / 29899 18095	 37%
2018-03-01__09:29:32 1 /boot 42 21	 51%
2018-03-01__09:29:32 0 disk 29941 18116 40%
2018-03-01__09:29:38 1 / 29899 18095	 37%
2018-03-01__09:29:38 1 /boot 42 21	 51%
2018-03-01__09:29:38 0 disk 29941 18116 40%
2018-03-01__09:29:44 1 / 29899 18095	 37%
2018-03-01__09:29:44 1 /boot 42 21	 51%
2018-03-01__09:29:44 0 disk 29941 18116 40%
2018-03-01__09:29:50 1 / 29899 18095	 37%
2018-03-01__09:29:50 1 /boot 42 21	 51%
2018-03-01__09:29:50 0 disk 29941 18116 40%
2018-03-01__09:29:56 1 / 29899 18095	 37%
2018-03-01__09:29:56 1 /boot 42 21	 51%
2018-03-01__09:29:56 0 disk 29941 18116 40%
2018-03-01__09:30:02 1 / 29899 18095	 37%
2018-03-01__09:30:02 1 /boot 42 21	 51%
2018-03-01__09:30:02 0 disk 29941 18116 40%
2018-03-01__09:30:08 1 / 29899 18095	 37%
2018-03-01__09:30:08 1 /boot 42 21	 51%
2018-03-01__09:30:08 0 disk 29941 18116 40%
2018-03-01__09:30:14 1 / 29899 18095	 37%
2018-03-01__09:30:14 1 /boot 42 21	 51%
2018-03-01__09:30:14 0 disk 29941 18116 40%
2018-03-01__09:30:20 1 / 29899 18095	 37%
2018-03-01__09:30:20 1 /boot 42 21	 51%
2018-03-01__09:30:20 0 disk 29941 18116 40%
2018-03-01__09:30:26 1 / 29899 18095	 37%
2018-03-01__09:30:26 1 /boot 42 21	 51%
2018-03-01__09:30:26 0 disk 29941 18116 40%
