2018-01-19__08:31:33 pi2 Raspbian_GNU/Linux_ 4.9.41-v7+ up_1_week,_5_days,_6_hours,_18_minutes 0.20 0.13 0.03 29941 59 927 0 42.93 normal normal normal

2018-01-19__08:52:17 pi2 Raspbian_GNU/Linux_ 4.9.41-v7+ up_1_week,_5_days,_6_hours,_39_minutes 0.00 0.00 0.00 29941 59% 927 0% 39.70 normal normal normal

2018-01-19__08:53:58 pi2 Raspbian_GNU/Linux_ 4.9.41-v7+ up_1_week,_5_days,_6_hours,_41_minutes 0.00 0.00 0.00 29941 59% 927 91% 39.70 normal normal normal

2018-01-19__08:54:26 pi2 Raspbian_GNU/Linux_ 4.9.41-v7+ up_1_week,_5_days,_6_hours,_41_minutes 0.00 0.00 0.00 29941 59% 927 91% 39.70 normal normal normal

2018-01-19__08:55:26 pi2 Raspbian_GNU/Linux_ 4.9.41-v7+ up_1_week,_5_days,_6_hours,_42_minutes 0.00 0.00 0.00 29941 59% 927 8% 39.70 normal normal normal

2018-01-19__08:57:32 pi2 Raspbian_GNU/Linux_9 4.9.41-v7+ up_1_week,_5_days,_6_hours,_44_minutes 0.00 0.00 0.00 29941 59% 927 8% 39.70 normal normal normal

2018-01-19__11:29:26 pi2 Raspbian_GNU/Linux_9 4.9.41-v7+ up_1_week,_5_days,_9_hours,_16_minutes 0.00 0.00 0.00 29941 59% 927 9% 39.70 normal normal normal

2018-01-24__20:07:03 DESKTOP-B3ECN79 Ubuntu_16.04.3_LTS 4.4.0-43-Microsoft up_4_hours,_6_minutes 0.52 0.58 0.59 1440712 50% 8128 42%  normal normal normal
2018-02-26__09:53:57 DESKTOP-B3ECN79 Ubuntu_16.04.3_LTS 4.4.0-43-Microsoft up_24_minutes 0.52 0.58 0.59 1440712 37% 8128 29%  normal normal normal
2018-02-26__10:43:27 DESKTOP-B3ECN79 Ubuntu_16.04.3_LTS 4.4.0-43-Microsoft up_1_hour,_14_minutes 0.52 0.58 0.59 1440712 37% 8128 43%  normal normal normal
2018-03-01__15:07:33 DESKTOP-B3ECN79 Ubuntu_16.04.3_LTS 4.4.0-43-Microsoft up_1_hour,_2_minutes 0.52 0.58 0.59 1440712 36% 8128 35%  normal normal normal
2018-03-01__15:07:38 DESKTOP-B3ECN79 Ubuntu_16.04.3_LTS 4.4.0-43-Microsoft up_1_hour,_2_minutes 0.52 0.58 0.59 1440712 36% 8128 35%  normal normal normal
2018-03-01__07:51:46 pi8 Raspbian_GNU/Linux_9 4.9.41-v7+ up_2_days,_20_hours,_43_minutes 0.27 0.23 0.14 29941 61% 927 6% 41.85 normal normal normal
2018-03-01__07:51:52 pi8 Raspbian_GNU/Linux_9 4.9.41-v7+ up_2_days,_20_hours,_43_minutes 0.25 0.22 0.14 29941 61% 927 6% 41.85 normal normal normal
2018-03-01__07:51:58 pi8 Raspbian_GNU/Linux_9 4.9.41-v7+ up_2_days,_20_hours,_43_minutes 0.23 0.22 0.14 29941 61% 927 6% 41.31 normal normal normal
2018-03-01__07:52:04 pi8 Raspbian_GNU/Linux_9 4.9.41-v7+ up_2_days,_20_hours,_43_minutes 0.21 0.21 0.14 29941 61% 927 6% 41.31 normal normal normal
2018-03-01__07:52:10 pi8 Raspbian_GNU/Linux_9 4.9.41-v7+ up_2_days,_20_hours,_43_minutes 0.18 0.21 0.14 29941 61% 927 6% 41.85 normal normal normal
2018-03-01__07:52:16 pi8 Raspbian_GNU/Linux_9 4.9.41-v7+ up_2_days,_20_hours,_43_minutes 0.16 0.20 0.13 29941 61% 927 6% 40.78 normal normal normal
2018-03-01__07:52:22 pi8 Raspbian_GNU/Linux_9 4.9.41-v7+ up_2_days,_20_hours,_43_minutes 0.15 0.20 0.13 29941 61% 927 6% 41.31 normal normal normal
2018-03-01__07:52:28 pi8 Raspbian_GNU/Linux_9 4.9.41-v7+ up_2_days,_20_hours,_43_minutes 0.14 0.20 0.13 29941 61% 927 6% 41.31 normal normal normal
2018-03-01__07:52:34 pi8 Raspbian_GNU/Linux_9 4.9.41-v7+ up_2_days,_20_hours,_43_minutes 0.13 0.19 0.13 29941 61% 927 6% 41.31 normal normal normal
2018-03-01__07:52:40 pi8 Raspbian_GNU/Linux_9 4.9.41-v7+ up_2_days,_20_hours,_43_minutes 0.12 0.19 0.13 29941 61% 927 6% 41.31 normal normal normal
2018-03-01__07:53:05 pi8 Raspbian_GNU/Linux_9 4.9.41-v7+ up_2_days,_20_hours,_44_minutes 0.49 0.27 0.16 29941 61% 927 6% 45.08 normal normal normal
2018-03-01__07:53:11 pi8 Raspbian_GNU/Linux_9 4.9.41-v7+ up_2_days,_20_hours,_44_minutes 0.45 0.26 0.16 29941 61% 927 6% 42.93 normal normal normal
2018-03-01__07:56:02 pi8 Raspbian_GNU/Linux_9 4.9.41-v7+ up_2_days,_20_hours,_47_minutes 0.09 0.16 0.13 29941 61% 927 6% 40.78 normal normal normal
2018-03-01__07:56:07 pi8 Raspbian_GNU/Linux_9 4.9.41-v7+ up_2_days,_20_hours,_47_minutes 0.08 0.16 0.13 29941 61% 927 6% 40.24 normal normal normal
2018-03-01__07:56:13 pi8 Raspbian_GNU/Linux_9 4.9.41-v7+ up_2_days,_20_hours,_47_minutes 0.07 0.15 0.13 29941 61% 927 6% 40.78 normal normal normal
2018-03-01__07:56:19 pi8 Raspbian_GNU/Linux_9 4.9.41-v7+ up_2_days,_20_hours,_47_minutes 0.07 0.15 0.13 29941 61% 927 6% 40.78 normal normal normal
2018-03-01__07:56:25 pi8 Raspbian_GNU/Linux_9 4.9.41-v7+ up_2_days,_20_hours,_47_minutes 0.14 0.16 0.13 29941 61% 927 6% 40.78 normal normal normal
2018-03-01__07:56:31 pi8 Raspbian_GNU/Linux_9 4.9.41-v7+ up_2_days,_20_hours,_47_minutes 0.12 0.16 0.13 29941 61% 927 6% 40.78 normal normal normal
2018-03-01__07:56:37 pi8 Raspbian_GNU/Linux_9 4.9.41-v7+ up_2_days,_20_hours,_47_minutes 0.11 0.16 0.13 29941 61% 927 6% 41.31 normal normal normal
2018-03-01__07:56:43 pi8 Raspbian_GNU/Linux_9 4.9.41-v7+ up_2_days,_20_hours,_48_minutes 0.11 0.15 0.13 29941 61% 927 6% 40.78 normal normal normal
2018-03-01__07:56:49 pi8 Raspbian_GNU/Linux_9 4.9.41-v7+ up_2_days,_20_hours,_48_minutes 0.10 0.15 0.13 29941 61% 927 6% 41.31 normal normal normal
2018-03-01__07:56:55 pi8 Raspbian_GNU/Linux_9 4.9.41-v7+ up_2_days,_20_hours,_48_minutes 0.09 0.15 0.13 29941 61% 927 6% 40.78 normal normal normal
2018-03-01__07:57:01 pi8 Raspbian_GNU/Linux_9 4.9.41-v7+ up_2_days,_20_hours,_48_minutes 0.15 0.16 0.13 29941 61% 927 6% 41.31 normal normal normal
2018-03-01__07:57:07 pi8 Raspbian_GNU/Linux_9 4.9.41-v7+ up_2_days,_20_hours,_48_minutes 0.14 0.16 0.13 29941 61% 927 6% 40.78 normal normal normal
2018-03-01__07:57:13 pi8 Raspbian_GNU/Linux_9 4.9.41-v7+ up_2_days,_20_hours,_48_minutes 0.13 0.15 0.13 29941 61% 927 6% 41.31 normal normal normal
2018-03-01__07:57:19 pi8 Raspbian_GNU/Linux_9 4.9.41-v7+ up_2_days,_20_hours,_48_minutes 0.12 0.15 0.13 29941 61% 927 6% 40.78 normal normal normal
2018-03-01__08:03:51 pi8 Raspbian_GNU/Linux_9 4.9.41-v7+ up_2_days,_20_hours,_55_minutes 0.00 0.03 0.07 29941 61% 927 6% 40.78 normal normal normal
2018-03-01__08:03:57 pi8 Raspbian_GNU/Linux_9 4.9.41-v7+ up_2_days,_20_hours,_55_minutes 0.00 0.03 0.07 29941 61% 927 6% 41.31 normal normal normal
2018-03-01__08:04:03 pi8 Raspbian_GNU/Linux_9 4.9.41-v7+ up_2_days,_20_hours,_55_minutes 0.00 0.03 0.07 29941 61% 927 6% 40.78 normal normal normal
2018-03-01__08:04:09 pi8 Raspbian_GNU/Linux_9 4.9.41-v7+ up_2_days,_20_hours,_55_minutes 0.00 0.03 0.07 29941 61% 927 6% 40.78 normal normal normal
2018-03-01__08:04:15 pi8 Raspbian_GNU/Linux_9 4.9.41-v7+ up_2_days,_20_hours,_55_minutes 0.00 0.03 0.07 29941 61% 927 6% 41.31 normal normal normal
2018-03-01__08:04:21 pi8 Raspbian_GNU/Linux_9 4.9.41-v7+ up_2_days,_20_hours,_55_minutes 0.00 0.03 0.07 29941 61% 927 6% 41.31 normal normal normal
2018-03-01__08:04:27 pi8 Raspbian_GNU/Linux_9 4.9.41-v7+ up_2_days,_20_hours,_55_minutes 0.00 0.03 0.07 29941 61% 927 6% 40.78 normal normal normal
2018-03-01__08:04:33 pi8 Raspbian_GNU/Linux_9 4.9.41-v7+ up_2_days,_20_hours,_55_minutes 0.00 0.02 0.07 29941 61% 927 6% 41.31 normal normal normal
2018-03-01__08:04:38 pi8 Raspbian_GNU/Linux_9 4.9.41-v7+ up_2_days,_20_hours,_55_minutes 0.00 0.02 0.07 29941 61% 927 6% 41.31 normal normal normal
2018-03-01__08:06:31 pi8 Raspbian_GNU/Linux_9 4.9.41-v7+ up_2_days,_20_hours,_57_minutes 0.00 0.01 0.06 29941 61% 927 6% 40.78 normal normal normal
2018-03-01__08:06:37 pi8 Raspbian_GNU/Linux_9 4.9.41-v7+ up_2_days,_20_hours,_57_minutes 0.08 0.03 0.06 29941 61% 927 6% 41.31 normal normal normal
2018-03-01__08:06:43 pi8 Raspbian_GNU/Linux_9 4.9.41-v7+ up_2_days,_20_hours,_58_minutes 0.07 0.03 0.06 29941 61% 927 6% 40.78 normal normal normal
2018-03-01__08:06:49 pi8 Raspbian_GNU/Linux_9 4.9.41-v7+ up_2_days,_20_hours,_58_minutes 0.07 0.03 0.06 29941 61% 927 6% 41.31 normal normal normal
2018-03-01__08:06:54 pi8 Raspbian_GNU/Linux_9 4.9.41-v7+ up_2_days,_20_hours,_58_minutes 0.06 0.03 0.06 29941 61% 927 6% 40.78 normal normal normal
2018-03-01__08:07:00 pi8 Raspbian_GNU/Linux_9 4.9.41-v7+ up_2_days,_20_hours,_58_minutes 0.06 0.03 0.06 29941 61% 927 6% 41.85 normal normal normal
2018-03-01__08:07:06 pi8 Raspbian_GNU/Linux_9 4.9.41-v7+ up_2_days,_20_hours,_58_minutes 0.05 0.03 0.06 29941 61% 927 6% 40.78 normal normal normal
2018-03-01__08:07:12 pi8 Raspbian_GNU/Linux_9 4.9.41-v7+ up_2_days,_20_hours,_58_minutes 0.04 0.03 0.06 29941 61% 927 6% 41.31 normal normal normal
2018-03-01__08:16:37 pi3 Raspbian_GNU/Linux_9 4.9.41-v7+ up_2_days,_21_hours,_7_minutes 0.59 0.34 0.22 29941 60% 927 7% 39.70 normal normal normal
2018-03-01__08:17:55 pi3 Raspbian_GNU/Linux_9 4.9.41-v7+ up_2_days,_21_hours,_9_minutes 0.20 0.27 0.21 29941 60% 927 7% 38.62 normal normal normal
2018-03-01__08:18:00 pi3 Raspbian_GNU/Linux_9 4.9.41-v7+ up_2_days,_21_hours,_9_minutes 0.19 0.27 0.21 29941 60% 927 7% 39.16 normal normal normal
2018-03-01__08:18:06 pi3 Raspbian_GNU/Linux_9 4.9.41-v7+ up_2_days,_21_hours,_9_minutes 0.17 0.26 0.20 29941 60% 927 7% 39.16 normal normal normal
2018-03-01__08:18:12 pi3 Raspbian_GNU/Linux_9 4.9.41-v7+ up_2_days,_21_hours,_9_minutes 0.16 0.26 0.20 29941 60% 927 7% 39.16 normal normal normal
2018-03-01__08:18:18 pi3 Raspbian_GNU/Linux_9 4.9.41-v7+ up_2_days,_21_hours,_9_minutes 0.13 0.25 0.20 29941 60% 927 7% 38.62 normal normal normal
2018-03-01__08:18:24 pi3 Raspbian_GNU/Linux_9 4.9.41-v7+ up_2_days,_21_hours,_9_minutes 0.12 0.25 0.20 29941 60% 927 7% 39.16 normal normal normal
2018-03-01__08:18:30 pi3 Raspbian_GNU/Linux_9 4.9.41-v7+ up_2_days,_21_hours,_9_minutes 0.11 0.24 0.20 29941 60% 927 7% 39.16 normal normal normal
2018-03-01__08:18:36 pi3 Raspbian_GNU/Linux_9 4.9.41-v7+ up_2_days,_21_hours,_9_minutes 0.10 0.24 0.20 29941 60% 927 7% 39.16 normal normal normal
2018-03-01__08:18:42 pi3 Raspbian_GNU/Linux_9 4.9.41-v7+ up_2_days,_21_hours,_10_minutes 0.09 0.23 0.19 29941 60% 927 7% 39.70 normal normal normal
2018-03-01__08:18:48 pi3 Raspbian_GNU/Linux_9 4.9.41-v7+ up_2_days,_21_hours,_10_minutes 0.16 0.24 0.20 29941 60% 927 7% 39.16 normal normal normal
2018-03-01__08:18:54 pi3 Raspbian_GNU/Linux_9 4.9.41-v7+ up_2_days,_21_hours,_10_minutes 0.15 0.24 0.20 29941 60% 927 7% 38.62 normal normal normal
2018-03-01__08:19:00 pi3 Raspbian_GNU/Linux_9 4.9.41-v7+ up_2_days,_21_hours,_10_minutes 0.13 0.23 0.19 29941 60% 927 7% 38.62 normal normal normal
2018-03-01__08:19:06 pi3 Raspbian_GNU/Linux_9 4.9.41-v7+ up_2_days,_21_hours,_10_minutes 0.12 0.23 0.19 29941 60% 927 7% 39.70 normal normal normal
2018-03-01__08:19:12 pi3 Raspbian_GNU/Linux_9 4.9.41-v7+ up_2_days,_21_hours,_10_minutes 0.11 0.23 0.19 29941 60% 927 7% 39.70 normal normal normal
2018-03-01__09:17:26 pi3 Raspbian_GNU/Linux_9 4.9.41-v7+ up_2_days,_22_hours,_8_minutes 0.17 0.16 0.12 29941 60% 927 7% 38.62 normal normal normal
2018-03-01__09:17:32 pi3 Raspbian_GNU/Linux_9 4.9.41-v7+ up_2_days,_22_hours,_8_minutes 0.15 0.16 0.12 29941 60% 927 7% 38.62 normal normal normal
2018-03-01__09:17:38 pi3 Raspbian_GNU/Linux_9 4.9.41-v7+ up_2_days,_22_hours,_8_minutes 0.22 0.17 0.13 29941 60% 927 7% 39.70 normal normal normal
2018-03-01__09:17:44 pi3 Raspbian_GNU/Linux_9 4.9.41-v7+ up_2_days,_22_hours,_9_minutes 0.20 0.17 0.12 29941 60% 927 7% 39.70 normal normal normal
2018-03-01__09:17:50 pi3 Raspbian_GNU/Linux_9 4.9.41-v7+ up_2_days,_22_hours,_9_minutes 0.19 0.17 0.12 29941 60% 927 7% 39.70 normal normal normal
2018-03-01__09:17:56 pi3 Raspbian_GNU/Linux_9 4.9.41-v7+ up_2_days,_22_hours,_9_minutes 0.16 0.16 0.12 29941 60% 927 7% 39.70 normal normal normal
2018-03-01__09:18:02 pi3 Raspbian_GNU/Linux_9 4.9.41-v7+ up_2_days,_22_hours,_9_minutes 0.14 0.16 0.12 29941 60% 927 7% 39.16 normal normal normal
2018-03-01__09:18:08 pi3 Raspbian_GNU/Linux_9 4.9.41-v7+ up_2_days,_22_hours,_9_minutes 0.21 0.17 0.13 29941 60% 927 7% 39.70 normal normal normal
2018-03-01__09:18:14 pi3 Raspbian_GNU/Linux_9 4.9.41-v7+ up_2_days,_22_hours,_9_minutes 0.20 0.17 0.12 29941 60% 927 7% 38.62 normal normal normal
2018-03-01__09:18:20 pi3 Raspbian_GNU/Linux_9 4.9.41-v7+ up_2_days,_22_hours,_9_minutes 0.26 0.18 0.13 29941 60% 927 8% 39.70 normal normal normal
2018-03-01__09:18:26 pi3 Raspbian_GNU/Linux_9 4.9.41-v7+ up_2_days,_22_hours,_9_minutes 0.22 0.18 0.13 29941 60% 927 8% 39.70 normal normal normal
2018-03-01__09:18:32 pi3 Raspbian_GNU/Linux_9 4.9.41-v7+ up_2_days,_22_hours,_9_minutes 0.20 0.17 0.13 29941 60% 927 8% 39.16 normal normal normal
2018-03-01__09:18:38 pi3 Raspbian_GNU/Linux_9 4.9.41-v7+ up_2_days,_22_hours,_9_minutes 0.19 0.17 0.13 29941 60% 927 8% 39.70 normal normal normal
2018-03-01__09:18:43 pi3 Raspbian_GNU/Linux_9 4.9.41-v7+ up_2_days,_22_hours,_10_minutes 0.33 0.20 0.14 29941 60% 927 8% 39.70 normal normal normal
2018-03-01__09:18:49 pi3 Raspbian_GNU/Linux_9 4.9.41-v7+ up_2_days,_22_hours,_10_minutes 0.38 0.22 0.14 29941 60% 927 8% 39.70 normal normal normal
2018-03-01__09:18:55 pi3 Raspbian_GNU/Linux_9 4.9.41-v7+ up_2_days,_22_hours,_10_minutes 0.47 0.24 0.15 29941 60% 927 8% 41.85 normal normal normal
2018-03-01__09:19:02 pi3 Raspbian_GNU/Linux_9 4.9.41-v7+ up_2_days,_22_hours,_10_minutes 0.60 0.27 0.16 29941 60% 927 8% 41.85 normal normal normal
2018-03-01__09:19:08 pi3 Raspbian_GNU/Linux_9 4.9.41-v7+ up_2_days,_22_hours,_10_minutes 0.63 0.28 0.16 29941 60% 927 8% 40.78 normal normal normal
2018-03-01__09:19:14 pi3 Raspbian_GNU/Linux_9 4.9.41-v7+ up_2_days,_22_hours,_10_minutes 0.58 0.28 0.16 29941 60% 927 8% 39.70 normal normal normal
2018-03-01__09:19:20 pi3 Raspbian_GNU/Linux_9 4.9.41-v7+ up_2_days,_22_hours,_10_minutes 0.57 0.29 0.17 29941 60% 927 8% 39.70 normal normal normal
2018-03-01__09:19:26 pi3 Raspbian_GNU/Linux_9 4.9.41-v7+ up_2_days,_22_hours,_10_minutes 0.52 0.28 0.17 29941 60% 927 8% 39.70 normal normal normal
2018-03-01__09:19:32 pi3 Raspbian_GNU/Linux_9 4.9.41-v7+ up_2_days,_22_hours,_10_minutes 0.56 0.29 0.17 29941 60% 927 8% 39.70 normal normal normal
2018-03-01__09:19:38 pi3 Raspbian_GNU/Linux_9 4.9.41-v7+ up_2_days,_22_hours,_10_minutes 0.52 0.29 0.17 29941 60% 927 8% 39.70 normal normal normal
2018-03-01__09:19:44 pi3 Raspbian_GNU/Linux_9 4.9.41-v7+ up_2_days,_22_hours,_11_minutes 0.47 0.28 0.17 29941 60% 927 8% 39.70 normal normal normal
2018-03-01__09:19:50 pi3 Raspbian_GNU/Linux_9 4.9.41-v7+ up_2_days,_22_hours,_11_minutes 0.44 0.28 0.17 29941 60% 927 8% 40.78 normal normal normal
2018-03-01__09:19:56 pi3 Raspbian_GNU/Linux_9 4.9.41-v7+ up_2_days,_22_hours,_11_minutes 0.44 0.29 0.17 29941 60% 927 8% 39.70 normal normal normal
2018-03-01__09:20:02 pi3 Raspbian_GNU/Linux_9 4.9.41-v7+ up_2_days,_22_hours,_11_minutes 0.41 0.28 0.17 29941 60% 927 8% 39.70 normal normal normal
2018-03-01__09:20:08 pi3 Raspbian_GNU/Linux_9 4.9.41-v7+ up_2_days,_22_hours,_11_minutes 0.37 0.28 0.17 29941 60% 927 8% 40.24 normal normal normal
2018-03-01__09:20:14 pi3 Raspbian_GNU/Linux_9 4.9.41-v7+ up_2_days,_22_hours,_11_minutes 0.34 0.27 0.17 29941 60% 927 8% 40.24 normal normal normal
2018-03-01__09:20:20 pi3 Raspbian_GNU/Linux_9 4.9.41-v7+ up_2_days,_22_hours,_11_minutes 0.32 0.27 0.17 29941 60% 927 8% 39.16 normal normal normal
2018-03-01__09:20:26 pi3 Raspbian_GNU/Linux_9 4.9.41-v7+ up_2_days,_22_hours,_11_minutes 0.59 0.32 0.19 29941 60% 927 8% 39.70 normal normal normal
2018-03-01__09:20:32 pi3 Raspbian_GNU/Linux_9 4.9.41-v7+ up_2_days,_22_hours,_11_minutes 0.54 0.32 0.19 29941 60% 927 8% 40.24 normal normal normal
2018-03-01__09:20:38 pi3 Raspbian_GNU/Linux_9 4.9.41-v7+ up_2_days,_22_hours,_11_minutes 0.50 0.31 0.19 29941 60% 927 8% 38.62 normal normal normal
2018-03-01__09:20:44 pi3 Raspbian_GNU/Linux_9 4.9.41-v7+ up_2_days,_22_hours,_12_minutes 0.46 0.31 0.18 29941 60% 927 8% 39.16 normal normal normal
2018-03-01__09:20:50 pi3 Raspbian_GNU/Linux_9 4.9.41-v7+ up_2_days,_22_hours,_12_minutes 0.42 0.30 0.18 29941 60% 927 8% 39.70 normal normal normal
2018-03-01__09:20:56 pi3 Raspbian_GNU/Linux_9 4.9.41-v7+ up_2_days,_22_hours,_12_minutes 0.44 0.31 0.19 29941 60% 927 8% 39.70 normal normal normal
2018-03-01__09:21:02 pi3 Raspbian_GNU/Linux_9 4.9.41-v7+ up_2_days,_22_hours,_12_minutes 0.40 0.30 0.18 29941 60% 927 8% 39.70 normal normal normal
2018-03-01__09:21:08 pi3 Raspbian_GNU/Linux_9 4.9.41-v7+ up_2_days,_22_hours,_12_minutes 0.37 0.30 0.18 29941 60% 927 8% 39.70 normal normal normal
2018-03-01__09:21:14 pi3 Raspbian_GNU/Linux_9 4.9.41-v7+ up_2_days,_22_hours,_12_minutes 0.34 0.29 0.18 29941 60% 927 8% 39.70 normal normal normal
2018-03-01__09:21:20 pi3 Raspbian_GNU/Linux_9 4.9.41-v7+ up_2_days,_22_hours,_12_minutes 0.31 0.29 0.18 29941 60% 927 8% 39.70 normal normal normal
2018-03-01__09:21:26 pi3 Raspbian_GNU/Linux_9 4.9.41-v7+ up_2_days,_22_hours,_12_minutes 0.34 0.29 0.18 29941 60% 927 8% 39.16 normal normal normal
2018-03-01__09:21:32 pi3 Raspbian_GNU/Linux_9 4.9.41-v7+ up_2_days,_22_hours,_12_minutes 0.32 0.29 0.18 29941 60% 927 8% 39.70 normal normal normal
2018-03-01__09:21:38 pi3 Raspbian_GNU/Linux_9 4.9.41-v7+ up_2_days,_22_hours,_12_minutes 0.29 0.28 0.18 29941 60% 927 8% 39.70 normal normal normal
2018-03-01__09:21:44 pi3 Raspbian_GNU/Linux_9 4.9.41-v7+ up_2_days,_22_hours,_13_minutes 0.27 0.28 0.18 29941 60% 927 8% 39.70 normal normal normal
2018-03-01__09:23:06 pi3 Raspbian_GNU/Linux_9 4.9.41-v7+ up_2_days,_22_hours,_14_minutes 1.10 0.58 0.30 29941 60% 927 8% 41.31 normal normal normal
2018-03-01__09:23:12 pi3 Raspbian_GNU/Linux_9 4.9.41-v7+ up_2_days,_22_hours,_14_minutes 1.01 0.58 0.30 29941 60% 927 8% 41.31 normal normal normal
2018-03-01__09:23:18 pi3 Raspbian_GNU/Linux_9 4.9.41-v7+ up_2_days,_22_hours,_14_minutes 0.93 0.57 0.30 29941 60% 927 8% 39.70 normal normal normal
2018-03-01__09:23:24 pi3 Raspbian_GNU/Linux_9 4.9.41-v7+ up_2_days,_22_hours,_14_minutes 0.85 0.56 0.29 29941 60% 927 8% 39.70 normal normal normal
2018-03-01__09:23:30 pi3 Raspbian_GNU/Linux_9 4.9.41-v7+ up_2_days,_22_hours,_14_minutes 0.79 0.55 0.29 29941 60% 927 8% 40.24 normal normal normal
2018-03-01__09:23:38 pi3 Raspbian_GNU/Linux_9 4.9.41-v7+ up_2_days,_22_hours,_14_minutes 0.74 0.54 0.29 29941 60% 927 8% 41.85 normal normal normal
2018-03-01__09:23:44 pi3 Raspbian_GNU/Linux_9 4.9.41-v7+ up_2_days,_22_hours,_15_minutes 0.68 0.54 0.29 29941 60% 927 8% 39.70 normal normal normal
2018-03-01__09:23:50 pi3 Raspbian_GNU/Linux_9 4.9.41-v7+ up_2_days,_22_hours,_15_minutes 0.63 0.53 0.29 29941 60% 927 8% 39.70 normal normal normal
2018-03-01__09:23:56 pi3 Raspbian_GNU/Linux_9 4.9.41-v7+ up_2_days,_22_hours,_15_minutes 0.53 0.51 0.29 29941 60% 927 8% 38.62 normal normal normal
2018-03-01__09:24:02 pi3 Raspbian_GNU/Linux_9 4.9.41-v7+ up_2_days,_22_hours,_15_minutes 0.49 0.50 0.28 29941 60% 927 8% 39.70 normal normal normal
2018-03-01__09:24:08 pi3 Raspbian_GNU/Linux_9 4.9.41-v7+ up_2_days,_22_hours,_15_minutes 0.45 0.49 0.28 29941 60% 927 8% 39.70 normal normal normal
2018-03-01__09:24:14 pi3 Raspbian_GNU/Linux_9 4.9.41-v7+ up_2_days,_22_hours,_15_minutes 0.41 0.48 0.28 29941 60% 927 8% 39.70 normal normal normal
2018-03-01__09:24:20 pi3 Raspbian_GNU/Linux_9 4.9.41-v7+ up_2_days,_22_hours,_15_minutes 0.38 0.47 0.28 29941 60% 927 8% 40.78 normal normal normal
2018-03-01__09:24:26 pi3 Raspbian_GNU/Linux_9 4.9.41-v7+ up_2_days,_22_hours,_15_minutes 0.32 0.46 0.27 29941 60% 927 8% 39.16 normal normal normal
2018-03-01__09:24:32 pi3 Raspbian_GNU/Linux_9 4.9.41-v7+ up_2_days,_22_hours,_15_minutes 0.62 0.52 0.29 29941 60% 927 8% 40.78 normal normal normal
2018-03-01__09:24:38 pi3 Raspbian_GNU/Linux_9 4.9.41-v7+ up_2_days,_22_hours,_15_minutes 0.57 0.51 0.29 29941 60% 927 8% 39.16 normal normal normal
2018-03-01__09:24:44 pi3 Raspbian_GNU/Linux_9 4.9.41-v7+ up_2_days,_22_hours,_16_minutes 0.52 0.50 0.29 29941 60% 927 8% 39.70 normal normal normal
2018-03-01__09:24:50 pi3 Raspbian_GNU/Linux_9 4.9.41-v7+ up_2_days,_22_hours,_16_minutes 0.48 0.49 0.29 29941 60% 927 8% 39.70 normal normal normal
2018-03-01__09:24:56 pi3 Raspbian_GNU/Linux_9 4.9.41-v7+ up_2_days,_22_hours,_16_minutes 0.49 0.49 0.29 29941 60% 927 8% 40.24 normal normal normal
2018-03-01__09:25:02 pi3 Raspbian_GNU/Linux_9 4.9.41-v7+ up_2_days,_22_hours,_16_minutes 0.53 0.50 0.29 29941 60% 927 8% 40.78 normal normal normal
2018-03-01__09:25:08 pi3 Raspbian_GNU/Linux_9 4.9.41-v7+ up_2_days,_22_hours,_16_minutes 0.48 0.49 0.29 29941 60% 927 8% 39.70 normal normal normal
2018-03-01__09:25:14 pi3 Raspbian_GNU/Linux_9 4.9.41-v7+ up_2_days,_22_hours,_16_minutes 0.45 0.48 0.29 29941 60% 927 8% 39.70 normal normal normal
2018-03-01__09:25:20 pi3 Raspbian_GNU/Linux_9 4.9.41-v7+ up_2_days,_22_hours,_16_minutes 0.41 0.48 0.29 29941 60% 927 8% 39.70 normal normal normal
2018-03-01__09:25:26 pi3 Raspbian_GNU/Linux_9 4.9.41-v7+ up_2_days,_22_hours,_16_minutes 0.38 0.47 0.29 29941 60% 927 8% 39.70 normal normal normal
2018-03-01__09:25:32 pi3 Raspbian_GNU/Linux_9 4.9.41-v7+ up_2_days,_22_hours,_16_minutes 0.39 0.47 0.29 29941 60% 927 8% 39.70 normal normal normal
2018-03-01__09:25:38 pi3 Raspbian_GNU/Linux_9 4.9.41-v7+ up_2_days,_22_hours,_16_minutes 0.36 0.46 0.29 29941 60% 927 8% 38.62 normal normal normal
2018-03-01__09:25:44 pi3 Raspbian_GNU/Linux_9 4.9.41-v7+ up_2_days,_22_hours,_17_minutes 0.33 0.45 0.28 29941 60% 927 8% 40.24 normal normal normal
2018-03-01__09:25:50 pi3 Raspbian_GNU/Linux_9 4.9.41-v7+ up_2_days,_22_hours,_17_minutes 0.54 0.50 0.30 29941 60% 927 8% 39.16 normal normal normal
2018-03-01__09:25:56 pi3 Raspbian_GNU/Linux_9 4.9.41-v7+ up_2_days,_22_hours,_17_minutes 0.50 0.49 0.30 29941 60% 927 8% 39.70 normal normal normal
2018-03-01__09:26:02 pi3 Raspbian_GNU/Linux_9 4.9.41-v7+ up_2_days,_22_hours,_17_minutes 0.58 0.50 0.30 29941 60% 927 8% 39.16 normal normal normal
2018-03-01__09:26:08 pi3 Raspbian_GNU/Linux_9 4.9.41-v7+ up_2_days,_22_hours,_17_minutes 0.54 0.50 0.30 29941 60% 927 8% 39.70 normal normal normal
2018-03-01__09:26:14 pi3 Raspbian_GNU/Linux_9 4.9.41-v7+ up_2_days,_22_hours,_17_minutes 0.49 0.49 0.30 29941 60% 927 8% 39.16 normal normal normal
2018-03-01__09:26:20 pi3 Raspbian_GNU/Linux_9 4.9.41-v7+ up_2_days,_22_hours,_17_minutes 0.45 0.48 0.30 29941 60% 927 8% 39.16 normal normal normal
2018-03-01__09:26:26 pi3 Raspbian_GNU/Linux_9 4.9.41-v7+ up_2_days,_22_hours,_17_minutes 0.42 0.47 0.30 29941 60% 927 8% 39.70 normal normal normal
2018-03-01__09:26:32 pi3 Raspbian_GNU/Linux_9 4.9.41-v7+ up_2_days,_22_hours,_17_minutes 0.51 0.49 0.30 29941 60% 927 8% 39.16 normal normal normal
2018-03-01__09:26:38 pi3 Raspbian_GNU/Linux_9 4.9.41-v7+ up_2_days,_22_hours,_17_minutes 0.47 0.48 0.30 29941 60% 927 8% 39.70 normal normal normal
2018-03-01__09:26:44 pi3 Raspbian_GNU/Linux_9 4.9.41-v7+ up_2_days,_22_hours,_18_minutes 0.43 0.47 0.30 29941 60% 927 8% 39.70 normal normal normal
2018-03-01__09:26:50 pi3 Raspbian_GNU/Linux_9 4.9.41-v7+ up_2_days,_22_hours,_18_minutes 0.48 0.48 0.30 29941 60% 927 8% 39.16 normal normal normal
2018-03-01__09:26:56 pi3 Raspbian_GNU/Linux_9 4.9.41-v7+ up_2_days,_22_hours,_18_minutes 0.44 0.47 0.30 29941 60% 927 8% 38.62 normal normal normal
2018-03-01__09:27:02 pi3 Raspbian_GNU/Linux_9 4.9.41-v7+ up_2_days,_22_hours,_18_minutes 0.37 0.46 0.30 29941 60% 927 8% 39.70 normal normal normal
2018-03-01__09:27:08 pi3 Raspbian_GNU/Linux_9 4.9.41-v7+ up_2_days,_22_hours,_18_minutes 0.34 0.45 0.30 29941 60% 927 9% 40.24 normal normal normal
2018-03-01__09:27:14 pi3 Raspbian_GNU/Linux_9 4.9.41-v7+ up_2_days,_22_hours,_18_minutes 0.31 0.44 0.29 29941 60% 927 9% 39.16 normal normal normal
2018-03-01__09:27:20 pi3 Raspbian_GNU/Linux_9 4.9.41-v7+ up_2_days,_22_hours,_18_minutes 0.29 0.43 0.29 29941 60% 927 9% 40.24 normal normal normal
2018-03-01__09:27:26 pi3 Raspbian_GNU/Linux_9 4.9.41-v7+ up_2_days,_22_hours,_18_minutes 0.27 0.43 0.29 29941 60% 927 9% 39.16 normal normal normal
2018-03-01__09:27:32 pi3 Raspbian_GNU/Linux_9 4.9.41-v7+ up_2_days,_22_hours,_18_minutes 0.22 0.41 0.29 29941 60% 927 9% 39.70 normal normal normal
2018-03-01__09:27:38 pi3 Raspbian_GNU/Linux_9 4.9.41-v7+ up_2_days,_22_hours,_18_minutes 0.21 0.40 0.28 29941 60% 927 9% 39.70 normal normal normal
2018-03-01__09:27:44 pi3 Raspbian_GNU/Linux_9 4.9.41-v7+ up_2_days,_22_hours,_19_minutes 0.27 0.41 0.29 29941 60% 927 9% 40.24 normal normal normal
2018-03-01__09:27:50 pi3 Raspbian_GNU/Linux_9 4.9.41-v7+ up_2_days,_22_hours,_19_minutes 0.25 0.41 0.29 29941 60% 927 9% 39.16 normal normal normal
2018-03-01__09:27:56 pi3 Raspbian_GNU/Linux_9 4.9.41-v7+ up_2_days,_22_hours,_19_minutes 0.23 0.40 0.28 29941 60% 927 9% 39.70 normal normal normal
2018-03-01__09:28:02 pi3 Raspbian_GNU/Linux_9 4.9.41-v7+ up_2_days,_22_hours,_19_minutes 0.35 0.42 0.29 29941 60% 927 9% 38.62 normal normal normal
2018-03-01__09:28:08 pi3 Raspbian_GNU/Linux_9 4.9.41-v7+ up_2_days,_22_hours,_19_minutes 0.32 0.41 0.29 29941 60% 927 9% 39.70 normal normal normal
2018-03-01__09:28:14 pi3 Raspbian_GNU/Linux_9 4.9.41-v7+ up_2_days,_22_hours,_19_minutes 0.30 0.41 0.29 29941 60% 927 9% 39.16 normal normal normal
2018-03-01__09:28:20 pi3 Raspbian_GNU/Linux_9 4.9.41-v7+ up_2_days,_22_hours,_19_minutes 0.27 0.40 0.29 29941 60% 927 9% 39.16 normal normal normal
2018-03-01__09:28:26 pi3 Raspbian_GNU/Linux_9 4.9.41-v7+ up_2_days,_22_hours,_19_minutes 0.25 0.39 0.28 29941 60% 927 9% 39.70 normal normal normal
2018-03-01__09:28:32 pi3 Raspbian_GNU/Linux_9 4.9.41-v7+ up_2_days,_22_hours,_19_minutes 0.29 0.40 0.29 29941 60% 927 9% 39.70 normal normal normal
2018-03-01__09:28:38 pi3 Raspbian_GNU/Linux_9 4.9.41-v7+ up_2_days,_22_hours,_19_minutes 0.27 0.39 0.28 29941 60% 927 9% 38.62 normal normal normal
2018-03-01__09:28:44 pi3 Raspbian_GNU/Linux_9 4.9.41-v7+ up_2_days,_22_hours,_20_minutes 0.25 0.38 0.28 29941 60% 927 9% 39.16 normal normal normal
2018-03-01__09:28:50 pi3 Raspbian_GNU/Linux_9 4.9.41-v7+ up_2_days,_22_hours,_20_minutes 0.31 0.39 0.29 29941 60% 927 9% 40.24 normal normal normal
2018-03-01__09:28:56 pi3 Raspbian_GNU/Linux_9 4.9.41-v7+ up_2_days,_22_hours,_20_minutes 0.28 0.39 0.28 29941 60% 927 9% 39.70 normal normal normal
2018-03-01__09:29:02 pi3 Raspbian_GNU/Linux_9 4.9.41-v7+ up_2_days,_22_hours,_20_minutes 0.24 0.37 0.28 29941 60% 927 9% 39.16 normal normal normal
2018-03-01__09:29:08 pi3 Raspbian_GNU/Linux_9 4.9.41-v7+ up_2_days,_22_hours,_20_minutes 0.30 0.38 0.28 29941 60% 927 9% 39.70 normal normal normal
2018-03-01__09:29:14 pi3 Raspbian_GNU/Linux_9 4.9.41-v7+ up_2_days,_22_hours,_20_minutes 0.28 0.38 0.28 29941 60% 927 9% 39.70 normal normal normal
2018-03-01__09:29:20 pi3 Raspbian_GNU/Linux_9 4.9.41-v7+ up_2_days,_22_hours,_20_minutes 0.25 0.37 0.28 29941 60% 927 9% 39.16 normal normal normal
2018-03-01__09:29:27 pi3 Raspbian_GNU/Linux_9 4.9.41-v7+ up_2_days,_22_hours,_20_minutes 0.29 0.37 0.28 29941 60% 927 8% 39.70 normal normal normal
2018-03-01__09:29:33 pi3 Raspbian_GNU/Linux_9 4.9.41-v7+ up_2_days,_22_hours,_20_minutes 0.27 0.37 0.28 29941 60% 927 8% 40.24 normal normal normal
2018-03-01__09:29:39 pi3 Raspbian_GNU/Linux_9 4.9.41-v7+ up_2_days,_22_hours,_20_minutes 0.25 0.36 0.28 29941 60% 927 8% 39.16 normal normal normal
2018-03-01__09:29:45 pi3 Raspbian_GNU/Linux_9 4.9.41-v7+ up_2_days,_22_hours,_21_minutes 0.23 0.36 0.28 29941 60% 927 8% 39.70 normal normal normal
2018-03-01__09:29:50 pi3 Raspbian_GNU/Linux_9 4.9.41-v7+ up_2_days,_22_hours,_21_minutes 0.21 0.35 0.27 29941 60% 927 8% 38.62 normal normal normal
2018-03-01__09:29:56 pi3 Raspbian_GNU/Linux_9 4.9.41-v7+ up_2_days,_22_hours,_21_minutes 0.19 0.34 0.27 29941 60% 927 8% 40.24 normal normal normal
2018-03-01__09:30:02 pi3 Raspbian_GNU/Linux_9 4.9.41-v7+ up_2_days,_22_hours,_21_minutes 0.38 0.38 0.29 29941 60% 927 8% 39.70 normal normal normal
2018-03-01__09:30:08 pi3 Raspbian_GNU/Linux_9 4.9.41-v7+ up_2_days,_22_hours,_21_minutes 0.35 0.37 0.28 29941 60% 927 8% 39.70 normal normal normal
2018-03-01__09:30:14 pi3 Raspbian_GNU/Linux_9 4.9.41-v7+ up_2_days,_22_hours,_21_minutes 0.32 0.37 0.28 29941 60% 927 8% 39.16 normal normal normal
2018-03-01__09:30:20 pi3 Raspbian_GNU/Linux_9 4.9.41-v7+ up_2_days,_22_hours,_21_minutes 0.30 0.36 0.28 29941 60% 927 8% 39.70 normal normal normal
2018-03-01__09:30:26 pi3 Raspbian_GNU/Linux_9 4.9.41-v7+ up_2_days,_22_hours,_21_minutes 0.27 0.36 0.28 29941 60% 927 8% 39.70 normal normal normal
